{"numTotalTestSuites":35,"numPassedTestSuites":24,"numFailedTestSuites":11,"numPendingTestSuites":0,"numTotalTests":80,"numPassedTests":72,"numFailedTests":8,"numPendingTests":0,"numTodoTests":0,"snapshot":{"added":0,"failure":false,"filesAdded":0,"filesRemoved":0,"filesRemovedList":[],"filesUnmatched":0,"filesUpdated":0,"matched":0,"total":0,"unchecked":0,"uncheckedKeysByFile":[],"unmatched":0,"updated":0,"didUpdate":false},"startTime":1772465983737,"success":false,"testResults":[{"assertionResults":[{"ancestorTitles":["ContractGraph"],"fullName":"ContractGraph renders layout and triggers tab change when data present","status":"passed","title":"renders layout and triggers tab change when data present","duration":40.83329099999992,"failureMessages":[],"meta":{}},{"ancestorTitles":["ContractGraph"],"fullName":"ContractGraph refetches when URL contains analysis params","status":"passed","title":"refetches when URL contains analysis params","duration":4.698832999999922,"failureMessages":[],"meta":{}}],"startTime":1772465986372,"endTime":1772465986416.6987,"status":"passed","message":"","name":"/Users/rr/my-repo/Cloned/crystal-clear/webapp/frontend/src/pages/graph/__tests__/Graph.test.tsx"},{"assertionResults":[],"startTime":1772465983737,"endTime":1772465983737,"status":"failed","message":"[vitest] There was an error when mocking a module. If you are using \"vi.mock\" factory, make sure there are no top level variables inside, since this call is hoisted to top of the file. Read more: https://vitest.dev/api/vi.html#vi-mock","name":"/Users/rr/my-repo/Cloned/crystal-clear/webapp/frontend/src/pages/homepage/__tests__/Home.test.tsx"},{"assertionResults":[{"ancestorTitles":["Header"],"fullName":"Header submits custom event when form is valid","status":"failed","title":"submits custom event when form is valid","duration":430.84466599999996,"failureMessages":["AssertionError: expected \"vi.fn()\" to be called with arguments: [ …(2) ]\n\nReceived: \n\n  1st vi.fn() call:\n\n  [\n-   \"/graph/?address=0xabc&from_block=10&to_block=20\",\n+   \"/graph/?address=0xabc&from_block=90&to_block=100\",\n    {\n      \"replace\": true,\n    },\n  ]\n\n\nNumber of calls: 1\n\n    at Proxy.<anonymous> (file:///Users/rr/my-repo/Cloned/crystal-clear/webapp/frontend/node_modules/@vitest/expect/dist/index.js:1420:10)\n    at Proxy.<anonymous> (file:///Users/rr/my-repo/Cloned/crystal-clear/webapp/frontend/node_modules/@vitest/expect/dist/index.js:1090:14)\n    at Proxy.methodWrapper (file:///Users/rr/my-repo/Cloned/crystal-clear/webapp/frontend/node_modules/chai/index.js:1700:25)\n    at /Users/rr/my-repo/Cloned/crystal-clear/webapp/frontend/src/app/components/__tests__/Header.test.tsx:89:26\n    at file:///Users/rr/my-repo/Cloned/crystal-clear/webapp/frontend/node_modules/@vitest/runner/dist/index.js:915:20"],"meta":{}},{"ancestorTitles":["Header"],"fullName":"Header prevents submission when validation fails","status":"passed","title":"prevents submission when validation fails","duration":104.17425000000003,"failureMessages":[],"meta":{}},{"ancestorTitles":["Header"],"fullName":"Header runs default analyze and updates range","status":"passed","title":"runs default analyze and updates range","duration":150.85383300000012,"failureMessages":[],"meta":{}}],"startTime":1772465986608,"endTime":1772465987294.8538,"status":"failed","message":"","name":"/Users/rr/my-repo/Cloned/crystal-clear/webapp/frontend/src/app/components/__tests__/Header.test.tsx"},{"assertionResults":[{"ancestorTitles":["RiskDetails"],"fullName":"RiskDetails shows loading state while any query is pending","status":"passed","title":"shows loading state while any query is pending","duration":18.330582999999933,"failureMessages":[],"meta":{}},{"ancestorTitles":["RiskDetails"],"fullName":"RiskDetails renders risk cards with fetched data","status":"failed","title":"renders risk cards with fetched data","duration":71.22087499999998,"failureMessages":["TestingLibraryElementError: Unable to find an element with the text: Proxy. This could be because the text is broken up by multiple elements. In this case, you can provide a function for your text matcher to make your matcher more flexible.\n\nIgnored nodes: comments, script, style\n\u001b[36m<body>\u001b[39m\n  \u001b[36m<div>\u001b[39m\n    \u001b[36m<div\u001b[39m\n      \u001b[33mclass\u001b[39m=\u001b[32m\"h-fit min-h-full w-full bg-white\"\u001b[39m\n    \u001b[36m>\u001b[39m\n      \u001b[36m<div\u001b[39m\n        \u001b[33mclass\u001b[39m=\u001b[32m\"flex w-full flex-col gap-2 px-4 py-2\"\u001b[39m\n      \u001b[36m>\u001b[39m\n        \u001b[36m<div\u001b[39m\n          \u001b[33mclass\u001b[39m=\u001b[32m\"bg-card text-card-foreground flex flex-col gap-6 rounded-xl border py-6 z-50 shadow-lg w-full\"\u001b[39m\n          \u001b[33mdata-slot\u001b[39m=\u001b[32m\"card\"\u001b[39m\n          \u001b[33mstyle\u001b[39m=\u001b[32m\"background-color: rgb(252, 252, 247); backdrop-filter: blur(8px); border: 1px solid rgb(73, 125, 116); border-radius: 6px; padding: 6px; text-align: left; font-size: 12px; box-shadow: 0 0 2px 0 rgba(0, 0, 0, 0.1);\"\u001b[39m\n        \u001b[36m>\u001b[39m\n          \u001b[36m<div\u001b[39m\n            \u001b[33mclass\u001b[39m=\u001b[32m\"@container/card-header grid auto-rows-min grid-rows-[auto_auto] items-start gap-1.5 px-6 has-data-[slot=card-action]:grid-cols-[1fr_auto] [.border-b]:pb-6 m-0 space-y-1 pb-1\"\u001b[39m\n            \u001b[33mdata-slot\u001b[39m=\u001b[32m\"card-header\"\u001b[39m\n          \u001b[36m>\u001b[39m\n            \u001b[36m<div\u001b[39m\n              \u001b[33mclass\u001b[39m=\u001b[32m\"flex w-full max-w-none items-center border-b border-[#497D74] py-1\"\u001b[39m\n            \u001b[36m>\u001b[39m\n              \u001b[36m<span\u001b[39m\n                \u001b[33mclass\u001b[39m=\u001b[32m\"text-l mr-2 text-sm font-medium text-gray-800\"\u001b[39m\n              \u001b[36m>\u001b[39m\n                \u001b[0mImmutability\u001b[0m\n              \u001b[36m</span>\u001b[39m\n              \u001b[36m<div\u001b[39m\n                \u001b[33mclass\u001b[39m=\u001b[32m\"flex items-center gap-2\"\u001b[39m\n              \u001b[36m>\u001b[39m\n                \u001b[36m<span\u001b[39m\n                  \u001b[33mclass\u001b[39m=\u001b[32m\"rounded-md px-2 py-[3px] font-bold tracking-wide uppercase bg-green-500 text-white \"\u001b[39m\n                \u001b[36m>\u001b[39m\n                  \u001b[0mlow\u001b[0m\n                  \u001b[0m risk\u001b[0m\n                \u001b[36m</span>\u001b[39m\n                \u001b[36m<span\u001b[39m\n                  \u001b[33mclass\u001b[39m=\u001b[32m\"rounded-md px-2 py-[3px] text-xs font-medium border border-green-200 bg-green-50 text-green-700 \"\u001b[39m\n                \u001b[36m>\u001b[39m\n                  \u001b[0mImmutable\u001b[0m\n                \u001b[36m</span>\u001b[39m\n              \u001b[36m</div>\u001b[39m\n            \u001b[36m</div>\u001b[39m\n          \u001b[36m</div>\u001b[39m\n          \u001b[36m<div\u001b[39m\n            \u001b[33mclass\u001b[39m=\u001b[32m\"text-muted-foreground space-y-2 px-2 pt-2 text-left text-[12px]\"\u001b[39m\n            \u001b[33mdata-slot\u001b[39m=\u001b[32m\"card-content\"\u001b[39m\n          \u001b[36m>\u001b[39m\n            \u001b[36m<div\u001b[39m\n              \u001b[33mclass\u001b[39m=\u001b[32m\"px-4 text-sm break-words whitespace-pre-wrap text-gray-600\"\u001b[39m\n            \u001b[36m>\u001b[39m\n              \u001b[36m<span\u001b[39m\n                \u001b[33mclass\u001b[39m=\u001b[32m\"text-gray-400 italic\"\u001b[39m\n              \u001b[36m>\u001b[39m\n                \u001b[0mNo further details available.\u001b[0m\n              \u001b[36m</span>\u001b[39m\n            \u001b[36m</div>\u001b[39m\n          \u001b[36m</div>\u001b[39m\n        \u001b[36m</div>\u001b[39m\n        \u001b[36m<div\u001b[39m\n          \u001b[33mclass\u001b[39m=\u001b[32m\"bg-card text-card-foreground flex flex-col gap-6 rounded-xl border py-6 z-50 shadow-lg w-full\"\u001b[39m\n          \u001b[33mdata-slot\u001b[39m=\u001b[32m\"card\"\u001b[39m\n          \u001b[33mstyle\u001b[39m=\u001b[32m\"background-color: rgb(252, 252, 247); backdrop-filter: blur(8px); border: 1px solid rgb(73, 125, 116); border-radius: 6px; padding: 6px; text-align: left; font-size: 12px; box-shadow: 0 0 2px 0 rgba(0, 0, 0, 0.1);\"\u001b[39m\n        \u001b[36m>\u001b[39m\n          \u001b[36m<div\u001b[39m\n            \u001b[33mclass\u001b[39m=\u001b[32m\"@container/card-header grid auto-rows-min grid-rows-[auto_auto] items-start gap-1.5 px-6 has-data-[slot=card-action]:grid-cols-[1fr_auto] [.border-b]:pb-6 m-0 space-y-1 pb-1\"\u001b[39m\n            \u001b[33mdata-slot\u001b[39m=\u001b[32m\"card-header\"\u001b[39m\n          \u001b[36m>\u001b[39m\n            \u001b[36m<div\u001b[39m\n              \u001b[33mclass\u001b[39m=\u001b[32m\"flex w-full max-w-none items-center border-b border-[#497D74] py-1\"\u001b[39m\n            \u001b[36m>\u001b[39m\n              \u001b[36m<span\u001b[39m\n                \u001b[33mclass\u001b[39m=\u001b[32m\"text-l mr-2 text-sm font-medium text-gray-800\"\u001b[39m\n              \u001b[36m>\u001b[39m\n                \u001b[0mAdmin Privileges\u001b[0m\n              \u001b[36m</span>\u001b[39m\n              \u001b[36m<div\u001b[39m\n                \u001b[33mclass\u001b[39m=\u001b[32m\"flex items-center gap-2\"\u001b[39m\n              \u001b[36m>\u001b[39m\n                \u001b[36m<span\u001b[39m\n                  \u001b[33mclass\u001b[39m=\u001b[32m\"rounded-md px-2 py-[3px] font-bold tracking-wide uppercase bg-green-500 text-white \"\u001b[39m\n                \u001b[36m>\u001b[39m\n                  \u001b[0mlow\u001b[0m\n                  \u001b[0m risk\u001b[0m\n                \u001b[36m</span>\u001b[39m\n                \u001b[36m<span\u001b[39m\n                  \u001b[33mclass\u001b[39m=\u001b[32m\"rounded-md px-2 py-[3px] text-xs font-medium border border-green-200 bg-green-50 text-green-700 \"\u001b[39m\n                \u001b[36m>\u001b[39m\n                  \u001b[0mN/A\u001b[0m\n                \u001b[36m</span>\u001b[39m\n              \u001b[36m</div>\u001b[39m\n            \u001b[36m</div>\u001b[39m\n          \u001b[36m</div>\u001b[39m\n          \u001b[36m<div\u001b[39m\n            \u001b[33mclass\u001b[39m=\u001b[32m\"text-muted-foreground space-y-2 px-2 pt-2 text-left text-[12px]\"\u001b[39m\n            \u001b[33mdata-slot\u001b[39m=\u001b[32m\"card-content\"\u001b[39m\n          \u001b[36m>\u001b[39m\n            \u001b[36m<div\u001b[39m\n              \u001b[33mclass\u001b[39m=\u001b[32m\"px-4 text-sm break-words whitespace-pre-wrap text-gray-600\"\u001b[39m\n            \u001b[36m>\u001b[39m\n              \u001b[36m<span\u001b[39m\n                \u001b[33mclass\u001b[39m=\u001b[32m\"text-gray-400 italic\"\u001b[39m\n              \u001b[36m>\u001b[39m\n                \u001b[0mNo further details available.\u001b[0m\n              \u001b[36m</span>\u001b[39m\n            \u001b[36m</div>\u001b[39m\n          \u001b[36m</div>\u001b[39m\n        \u001b[36m</div>\u001b[39m\n        \u001b[36m<div\u001b[39m\n          \u001b[33mclass\u001b[39m=\u001b[32m\"bg-card text-card-foreground flex flex-col gap-6 rounded-xl border py-6 z-50 shadow-lg w-full\"\u001b[39m\n          \u001b[33mdata-slot\u001b[39m=\u001b[32m\"card\"\u001b[39m\n          \u001b[33mstyle\u001b[39m=\u001b[32m\"background-color: rgb(252, 252, 247); backdrop-filter: blur(8px); border: 1px solid rgb(73, 125, 116); border-radius: 6px; padding: 6px; text-align: left; font-size: 12px; box-shadow: 0 0 2px 0 rgba(0, 0, 0, 0.1);\"\u001b[39m\n        \u001b[36m>\u001b[39m\n          \u001b[36m<div\u001b[39m\n            \u001b[33mclass\u001b[39m=\u001b[32m\"@container/card-header grid auto-rows-min grid-rows-[auto_auto] items-start gap-1.5 px-6 has-data-[slot=card-action]:grid-cols-[1fr_auto] [.border-b]:pb-6 m-0 space-y-1 pb-1\"\u001b[39m\n            \u001b[33mdata-slot\u001b[39m=\u001b[32m\"card-header\"\u001b[39m\n          \u001b[36m>\u001b[39m\n            \u001b[36m<div\u001b[39m\n              \u001b[33mclass\u001b[39m=\u001b[32m\"flex w-full max-w-none items-center border-b border-[#497D74] py-1\"\u001b[39m\n            \u001b[36m>\u001b[39m\n              \u001b[36m<span\u001b[39m\n                \u001b[33mclass\u001b[39m=\u001b[32m\"text-l mr-2 text-sm font-medium text-gray-800\"\u001b[39m\n              \u001b[36m>\u001b[39m\n                \u001b[0mVerification\u001b[0m\n              \u001b[36m</span>\u001b[39m\n              \u001b[36m<div\u001b[39m\n                \u001b[33mclass\u001b[39m=\u001b[32m\"flex items-center gap-2\"\u001b[39m\n              \u001b[36m>\u001b[39m\n                \u001b[36m<span\u001b[39m\n                  \u001b[33mclass\u001b[39m=\u001b[32m\"rounded-md px-2 py-[3px] font-bold tracking-wide uppercase bg-red-500 text-white \"\u001b[39m\n                \u001b[36m>\u001b[39m\n                  \u001b[0mhigh\u001b[0m\n                  \u001b[0m risk\u001b[0m\n                \u001b[36m</span>\u001b[39m\n                \u001b[36m<span\u001b[39m\n                  \u001b[33mclass\u001b[39m=\u001b[32m\"rounded-md px-2 py-[3px] text-xs font-medium border border-red-200 bg-red-50 text-red-700 \"\u001b[39m\n                \u001b[36m>\u001b[39m\n                  \u001b[0mNot Verified\u001b[0m\n                \u001b[36m</span>\u001b[39m\n              \u001b[36m</div>\u001b[39m\n            \u001b[36m</div>\u001b[39m\n          \u001b[36m</div>\u001b[39m\n          \u001b[36m<div\u001b[39m\n            \u001b[33mclass\u001b[39m=\u001b[32m\"text-muted-foreground space-y-2 px-2 pt-2 text-left text-[12px]\"\u001b[39m\n            \u001b[33mdata-slot\u001b[39m=\u001b[32m\"card-content\"\u001b[39m\n          \u001b[36m>\u001b[39m\n            \u001b[36m<div\u001b[39m\n              \u001b[33mclass\u001b[39m=\u001b[32m\"px-4 text-sm break-words whitespace-pre-wrap text-gray-600\"\u001b[39m\n            \u001b[36m>\u001b[39m\n              \u001b[0mThis contract is not verified on Sourcify.\u001b[0m\n            \u001b[36m</div>\u001b[39m\n          \u001b[36m</div>\u001b[39m\n        \u001b[36m</div>\u001b[39m\n        \u001b[36m<div\u001b[39m\n          \u001b[33mclass\u001b[39m=\u001b[32m\"bg-card text-card-foreground flex flex-col gap-6 rounded-xl border py-6 z-50 shadow-lg w-full\"\u001b[39m\n          \u001b[33mdata-slot\u001b[39m=\u001b[32m\"card\"\u001b[39m\n          \u001b[33mstyle\u001b[39m=\u001b[32m\"background-color: rgb(252, 252, 247); backdrop-filter: blur(8px); border: 1px solid rgb(73, 125, 116); border-radius: 6px; padding: 6px; text-align: left; font-size: 12px; box-shadow: 0 0 2px 0 rgba(0, 0, 0, 0.1);\"\u001b[39m\n        \u001b[36m>\u001b[39m\n          \u001b[36m<div\u001b[39m\n            \u001b[33mclass\u001b[39m=\u001b[32m\"@container/card-header grid auto-rows-min grid-rows-[auto_auto] items-start gap-1.5 px-6 has-data-[slot=card-action]:grid-cols-[1fr_auto] [.border-b]:pb-6 m-0 space-y-1 pb-1\"\u001b[39m\n            \u001b[33mdata-slot\u001b[39m=\u001b[32m\"card-header\"\u001b[39m\n          \u001b[36m>\u001b[39m\n            \u001b[36m<div\u001b[39m\n              \u001b[33mclass\u001b[39m=\u001b[32m\"flex w-full max-w-none items-center border-b border-[#497D74] py-1\"\u001b[39m\n            \u001b[36m>\u001b[39m\n              \u001b[36m<span\u001b[39m\n                \u001b[33mclass\u001b[39m=\u001b[32m\"text-l mr-2 text-sm font-medium text-gray-800\"\u001b[39m\n              \u001b[36m>\u001b[39m\n                \u001b[0mAudit\u001b[0m\n              \u001b[36m</span>\u001b[39m\n              \u001b[36m<div\u001b[39m\n                \u001b[33mclass\u001b[39m=\u001b[32m\"flex items-center gap-2\"\u001b[39m\n              \u001b[36m>\u001b[39m\n                \u001b[36m<span\u001b[39m\n                  \u001b[33mclass\u001b[39m=\u001b[32m\"rounded-md px-2 py-[3px] font-bold tracking-wide uppercase bg-orange-500 text-white \"\u001b[39m\n                \u001b[36m>\u001b[39m\n                  \u001b[0mmedium\u001b[0m\n                  \u001b[0m risk\u001b[0m\n                \u001b[36m</span>\u001b[39m\n                \u001b[36m<span\u001b[39m\n                  \u001b[33mclass\u001b[39m=\u001b[32m\"rounded-md px-2 py-[3px] text-xs font-medium border border-orange-200 bg-orange-50 text-orange-700 \"\u001b[39m\n                \u001b[36m>\u001b[39m\n                  \u001b[0mNot Audited\u001b[0m\n                \u001b[36m</span>\u001b[39m\n              \u001b[36m</div>\u001b[39m\n            \u001b[36m</div>\u001b[39m\n          \u001b[36m</div>\u001b[39m\n          \u001b[36m<div\u001b[39m\n            \u001b[33mclass\u001b[39m=\u001b[32m\"text-muted-foreground space-y-2 px-2 pt-2 text-left text-[12px]\"\u001b[39m\n            \u001b[33mdata-slot\u001b[39m=\u001b[32m\"card-content\"\u001b[39m\n          \u001b[36m>\u001b[39m\n            \u001b[36m<div\u001b[39m\n              \u001b[33mclass\u001b[39m=\u001b[32m\"px-4 text-sm break-words whitespace-pre-wrap text-gray-600\"\u001b[39m\n            \u001b[36m>\u001b[39m\n              \u001b[0mNo audit found for this contract.\u001b[0m\n            \u001b[36m</div>\u001b[39m\n          \u001b[36m</div>\u001b[39m\n        \u001b[36m</div>\u001b[39m\n      \u001b[36m</div>\u001b[39m\n    \u001b[36m</div>\u001b[39m\n  \u001b[36m</div>\u001b[39m\n\u001b[36m</body>\u001b[39m\n    at Object.getElementError (/Users/rr/my-repo/Cloned/crystal-clear/webapp/frontend/node_modules/@testing-library/dom/dist/config.js:37:19)\n    at /Users/rr/my-repo/Cloned/crystal-clear/webapp/frontend/node_modules/@testing-library/dom/dist/query-helpers.js:76:38\n    at /Users/rr/my-repo/Cloned/crystal-clear/webapp/frontend/node_modules/@testing-library/dom/dist/query-helpers.js:52:17\n    at /Users/rr/my-repo/Cloned/crystal-clear/webapp/frontend/node_modules/@testing-library/dom/dist/query-helpers.js:95:19\n    at /Users/rr/my-repo/Cloned/crystal-clear/webapp/frontend/src/app/components/__tests__/RiskDetails.test.tsx:61:19\n    at file:///Users/rr/my-repo/Cloned/crystal-clear/webapp/frontend/node_modules/@vitest/runner/dist/index.js:145:11\n    at file:///Users/rr/my-repo/Cloned/crystal-clear/webapp/frontend/node_modules/@vitest/runner/dist/index.js:915:26\n    at file:///Users/rr/my-repo/Cloned/crystal-clear/webapp/frontend/node_modules/@vitest/runner/dist/index.js:1243:20\n    at new Promise (<anonymous>)\n    at runWithTimeout (file:///Users/rr/my-repo/Cloned/crystal-clear/webapp/frontend/node_modules/@vitest/runner/dist/index.js:1209:10)"],"meta":{}},{"ancestorTitles":["RiskDetails"],"fullName":"RiskDetails falls back to error details when a fetch fails","status":"failed","title":"falls back to error details when a fetch fails","duration":18.12758299999996,"failureMessages":["TestingLibraryElementError: Unable to find an element with the text: /Failed to fetch proxy information/i. This could be because the text is broken up by multiple elements. In this case, you can provide a function for your text matcher to make your matcher more flexible.\n\nIgnored nodes: comments, script, style\n\u001b[36m<body>\u001b[39m\n  \u001b[36m<div>\u001b[39m\n    \u001b[36m<div\u001b[39m\n      \u001b[33mclass\u001b[39m=\u001b[32m\"h-fit min-h-full w-full bg-white\"\u001b[39m\n    \u001b[36m>\u001b[39m\n      \u001b[36m<div\u001b[39m\n        \u001b[33mclass\u001b[39m=\u001b[32m\"flex w-full flex-col gap-2 px-4 py-2\"\u001b[39m\n      \u001b[36m>\u001b[39m\n        \u001b[36m<div\u001b[39m\n          \u001b[33mclass\u001b[39m=\u001b[32m\"bg-card text-card-foreground flex flex-col gap-6 rounded-xl border py-6 z-50 shadow-lg w-full\"\u001b[39m\n          \u001b[33mdata-slot\u001b[39m=\u001b[32m\"card\"\u001b[39m\n          \u001b[33mstyle\u001b[39m=\u001b[32m\"background-color: rgb(252, 252, 247); backdrop-filter: blur(8px); border: 1px solid rgb(73, 125, 116); border-radius: 6px; padding: 6px; text-align: left; font-size: 12px; box-shadow: 0 0 2px 0 rgba(0, 0, 0, 0.1);\"\u001b[39m\n        \u001b[36m>\u001b[39m\n          \u001b[36m<div\u001b[39m\n            \u001b[33mclass\u001b[39m=\u001b[32m\"@container/card-header grid auto-rows-min grid-rows-[auto_auto] items-start gap-1.5 px-6 has-data-[slot=card-action]:grid-cols-[1fr_auto] [.border-b]:pb-6 m-0 space-y-1 pb-1\"\u001b[39m\n            \u001b[33mdata-slot\u001b[39m=\u001b[32m\"card-header\"\u001b[39m\n          \u001b[36m>\u001b[39m\n            \u001b[36m<div\u001b[39m\n              \u001b[33mclass\u001b[39m=\u001b[32m\"flex w-full max-w-none items-center border-b border-[#497D74] py-1\"\u001b[39m\n            \u001b[36m>\u001b[39m\n              \u001b[36m<span\u001b[39m\n                \u001b[33mclass\u001b[39m=\u001b[32m\"text-l mr-2 text-sm font-medium text-gray-800\"\u001b[39m\n              \u001b[36m>\u001b[39m\n                \u001b[0mImmutability\u001b[0m\n              \u001b[36m</span>\u001b[39m\n              \u001b[36m<div\u001b[39m\n                \u001b[33mclass\u001b[39m=\u001b[32m\"flex items-center gap-2\"\u001b[39m\n              \u001b[36m>\u001b[39m\n                \u001b[36m<span\u001b[39m\n                  \u001b[33mclass\u001b[39m=\u001b[32m\"rounded-md px-2 py-[3px] font-bold tracking-wide uppercase bg-green-500 text-white \"\u001b[39m\n                \u001b[36m>\u001b[39m\n                  \u001b[0mlow\u001b[0m\n                  \u001b[0m risk\u001b[0m\n                \u001b[36m</span>\u001b[39m\n                \u001b[36m<span\u001b[39m\n                  \u001b[33mclass\u001b[39m=\u001b[32m\"rounded-md px-2 py-[3px] text-xs font-medium border border-green-200 bg-green-50 text-green-700 \"\u001b[39m\n                \u001b[36m>\u001b[39m\n                  \u001b[0mImmutable\u001b[0m\n                \u001b[36m</span>\u001b[39m\n              \u001b[36m</div>\u001b[39m\n            \u001b[36m</div>\u001b[39m\n          \u001b[36m</div>\u001b[39m\n          \u001b[36m<div\u001b[39m\n            \u001b[33mclass\u001b[39m=\u001b[32m\"text-muted-foreground space-y-2 px-2 pt-2 text-left text-[12px]\"\u001b[39m\n            \u001b[33mdata-slot\u001b[39m=\u001b[32m\"card-content\"\u001b[39m\n          \u001b[36m>\u001b[39m\n            \u001b[36m<div\u001b[39m\n              \u001b[33mclass\u001b[39m=\u001b[32m\"px-4 text-sm break-words whitespace-pre-wrap text-gray-600\"\u001b[39m\n            \u001b[36m>\u001b[39m\n              \u001b[36m<span\u001b[39m\n                \u001b[33mclass\u001b[39m=\u001b[32m\"text-gray-400 italic\"\u001b[39m\n              \u001b[36m>\u001b[39m\n                \u001b[0mNo further details available.\u001b[0m\n              \u001b[36m</span>\u001b[39m\n            \u001b[36m</div>\u001b[39m\n          \u001b[36m</div>\u001b[39m\n        \u001b[36m</div>\u001b[39m\n        \u001b[36m<div\u001b[39m\n          \u001b[33mclass\u001b[39m=\u001b[32m\"bg-card text-card-foreground flex flex-col gap-6 rounded-xl border py-6 z-50 shadow-lg w-full\"\u001b[39m\n          \u001b[33mdata-slot\u001b[39m=\u001b[32m\"card\"\u001b[39m\n          \u001b[33mstyle\u001b[39m=\u001b[32m\"background-color: rgb(252, 252, 247); backdrop-filter: blur(8px); border: 1px solid rgb(73, 125, 116); border-radius: 6px; padding: 6px; text-align: left; font-size: 12px; box-shadow: 0 0 2px 0 rgba(0, 0, 0, 0.1);\"\u001b[39m\n        \u001b[36m>\u001b[39m\n          \u001b[36m<div\u001b[39m\n            \u001b[33mclass\u001b[39m=\u001b[32m\"@container/card-header grid auto-rows-min grid-rows-[auto_auto] items-start gap-1.5 px-6 has-data-[slot=card-action]:grid-cols-[1fr_auto] [.border-b]:pb-6 m-0 space-y-1 pb-1\"\u001b[39m\n            \u001b[33mdata-slot\u001b[39m=\u001b[32m\"card-header\"\u001b[39m\n          \u001b[36m>\u001b[39m\n            \u001b[36m<div\u001b[39m\n              \u001b[33mclass\u001b[39m=\u001b[32m\"flex w-full max-w-none items-center border-b border-[#497D74] py-1\"\u001b[39m\n            \u001b[36m>\u001b[39m\n              \u001b[36m<span\u001b[39m\n                \u001b[33mclass\u001b[39m=\u001b[32m\"text-l mr-2 text-sm font-medium text-gray-800\"\u001b[39m\n              \u001b[36m>\u001b[39m\n                \u001b[0mAdmin Privileges\u001b[0m\n              \u001b[36m</span>\u001b[39m\n              \u001b[36m<div\u001b[39m\n                \u001b[33mclass\u001b[39m=\u001b[32m\"flex items-center gap-2\"\u001b[39m\n              \u001b[36m>\u001b[39m\n                \u001b[36m<span\u001b[39m\n                  \u001b[33mclass\u001b[39m=\u001b[32m\"rounded-md px-2 py-[3px] font-bold tracking-wide uppercase bg-green-500 text-white \"\u001b[39m\n                \u001b[36m>\u001b[39m\n                  \u001b[0mlow\u001b[0m\n                  \u001b[0m risk\u001b[0m\n                \u001b[36m</span>\u001b[39m\n                \u001b[36m<span\u001b[39m\n                  \u001b[33mclass\u001b[39m=\u001b[32m\"rounded-md px-2 py-[3px] text-xs font-medium border border-green-200 bg-green-50 text-green-700 \"\u001b[39m\n                \u001b[36m>\u001b[39m\n                  \u001b[0mN/A\u001b[0m\n                \u001b[36m</span>\u001b[39m\n              \u001b[36m</div>\u001b[39m\n            \u001b[36m</div>\u001b[39m\n          \u001b[36m</div>\u001b[39m\n          \u001b[36m<div\u001b[39m\n            \u001b[33mclass\u001b[39m=\u001b[32m\"text-muted-foreground space-y-2 px-2 pt-2 text-left text-[12px]\"\u001b[39m\n            \u001b[33mdata-slot\u001b[39m=\u001b[32m\"card-content\"\u001b[39m\n          \u001b[36m>\u001b[39m\n            \u001b[36m<div\u001b[39m\n              \u001b[33mclass\u001b[39m=\u001b[32m\"px-4 text-sm break-words whitespace-pre-wrap text-gray-600\"\u001b[39m\n            \u001b[36m>\u001b[39m\n              \u001b[36m<span\u001b[39m\n                \u001b[33mclass\u001b[39m=\u001b[32m\"text-gray-400 italic\"\u001b[39m\n              \u001b[36m>\u001b[39m\n                \u001b[0mNo further details available.\u001b[0m\n              \u001b[36m</span>\u001b[39m\n            \u001b[36m</div>\u001b[39m\n          \u001b[36m</div>\u001b[39m\n        \u001b[36m</div>\u001b[39m\n        \u001b[36m<div\u001b[39m\n          \u001b[33mclass\u001b[39m=\u001b[32m\"bg-card text-card-foreground flex flex-col gap-6 rounded-xl border py-6 z-50 shadow-lg w-full\"\u001b[39m\n          \u001b[33mdata-slot\u001b[39m=\u001b[32m\"card\"\u001b[39m\n          \u001b[33mstyle\u001b[39m=\u001b[32m\"background-color: rgb(252, 252, 247); backdrop-filter: blur(8px); border: 1px solid rgb(73, 125, 116); border-radius: 6px; padding: 6px; text-align: left; font-size: 12px; box-shadow: 0 0 2px 0 rgba(0, 0, 0, 0.1);\"\u001b[39m\n        \u001b[36m>\u001b[39m\n          \u001b[36m<div\u001b[39m\n            \u001b[33mclass\u001b[39m=\u001b[32m\"@container/card-header grid auto-rows-min grid-rows-[auto_auto] items-start gap-1.5 px-6 has-data-[slot=card-action]:grid-cols-[1fr_auto] [.border-b]:pb-6 m-0 space-y-1 pb-1\"\u001b[39m\n            \u001b[33mdata-slot\u001b[39m=\u001b[32m\"card-header\"\u001b[39m\n          \u001b[36m>\u001b[39m\n            \u001b[36m<div\u001b[39m\n              \u001b[33mclass\u001b[39m=\u001b[32m\"flex w-full max-w-none items-center border-b border-[#497D74] py-1\"\u001b[39m\n            \u001b[36m>\u001b[39m\n              \u001b[36m<span\u001b[39m\n                \u001b[33mclass\u001b[39m=\u001b[32m\"text-l mr-2 text-sm font-medium text-gray-800\"\u001b[39m\n              \u001b[36m>\u001b[39m\n                \u001b[0mVerification\u001b[0m\n              \u001b[36m</span>\u001b[39m\n              \u001b[36m<div\u001b[39m\n                \u001b[33mclass\u001b[39m=\u001b[32m\"flex items-center gap-2\"\u001b[39m\n              \u001b[36m>\u001b[39m\n                \u001b[36m<span\u001b[39m\n                  \u001b[33mclass\u001b[39m=\u001b[32m\"rounded-md px-2 py-[3px] font-bold tracking-wide uppercase bg-red-500 text-white \"\u001b[39m\n                \u001b[36m>\u001b[39m\n                  \u001b[0mhigh\u001b[0m\n                  \u001b[0m risk\u001b[0m\n                \u001b[36m</span>\u001b[39m\n                \u001b[36m<span\u001b[39m\n                  \u001b[33mclass\u001b[39m=\u001b[32m\"rounded-md px-2 py-[3px] text-xs font-medium border border-red-200 bg-red-50 text-red-700 \"\u001b[39m\n                \u001b[36m>\u001b[39m\n                  \u001b[0mNot Verified\u001b[0m\n                \u001b[36m</span>\u001b[39m\n              \u001b[36m</div>\u001b[39m\n            \u001b[36m</div>\u001b[39m\n          \u001b[36m</div>\u001b[39m\n          \u001b[36m<div\u001b[39m\n            \u001b[33mclass\u001b[39m=\u001b[32m\"text-muted-foreground space-y-2 px-2 pt-2 text-left text-[12px]\"\u001b[39m\n            \u001b[33mdata-slot\u001b[39m=\u001b[32m\"card-content\"\u001b[39m\n          \u001b[36m>\u001b[39m\n            \u001b[36m<div\u001b[39m\n              \u001b[33mclass\u001b[39m=\u001b[32m\"px-4 text-sm break-words whitespace-pre-wrap text-gray-600\"\u001b[39m\n            \u001b[36m>\u001b[39m\n              \u001b[0mThis contract is not verified on Sourcify.\u001b[0m\n            \u001b[36m</div>\u001b[39m\n          \u001b[36m</div>\u001b[39m\n        \u001b[36m</div>\u001b[39m\n        \u001b[36m<div\u001b[39m\n          \u001b[33mclass\u001b[39m=\u001b[32m\"bg-card text-card-foreground flex flex-col gap-6 rounded-xl border py-6 z-50 shadow-lg w-full\"\u001b[39m\n          \u001b[33mdata-slot\u001b[39m=\u001b[32m\"card\"\u001b[39m\n          \u001b[33mstyle\u001b[39m=\u001b[32m\"background-color: rgb(252, 252, 247); backdrop-filter: blur(8px); border: 1px solid rgb(73, 125, 116); border-radius: 6px; padding: 6px; text-align: left; font-size: 12px; box-shadow: 0 0 2px 0 rgba(0, 0, 0, 0.1);\"\u001b[39m\n        \u001b[36m>\u001b[39m\n          \u001b[36m<div\u001b[39m\n            \u001b[33mclass\u001b[39m=\u001b[32m\"@container/card-header grid auto-rows-min grid-rows-[auto_auto] items-start gap-1.5 px-6 has-data-[slot=card-action]:grid-cols-[1fr_auto] [.border-b]:pb-6 m-0 space-y-1 pb-1\"\u001b[39m\n            \u001b[33mdata-slot\u001b[39m=\u001b[32m\"card-header\"\u001b[39m\n          \u001b[36m>\u001b[39m\n            \u001b[36m<div\u001b[39m\n              \u001b[33mclass\u001b[39m=\u001b[32m\"flex w-full max-w-none items-center border-b border-[#497D74] py-1\"\u001b[39m\n            \u001b[36m>\u001b[39m\n              \u001b[36m<span\u001b[39m\n                \u001b[33mclass\u001b[39m=\u001b[32m\"text-l mr-2 text-sm font-medium text-gray-800\"\u001b[39m\n              \u001b[36m>\u001b[39m\n                \u001b[0mAudit\u001b[0m\n              \u001b[36m</span>\u001b[39m\n              \u001b[36m<div\u001b[39m\n                \u001b[33mclass\u001b[39m=\u001b[32m\"flex items-center gap-2\"\u001b[39m\n              \u001b[36m>\u001b[39m\n                \u001b[36m<span\u001b[39m\n                  \u001b[33mclass\u001b[39m=\u001b[32m\"rounded-md px-2 py-[3px] font-bold tracking-wide uppercase bg-orange-500 text-white \"\u001b[39m\n                \u001b[36m>\u001b[39m\n                  \u001b[0mmedium\u001b[0m\n                  \u001b[0m risk\u001b[0m\n                \u001b[36m</span>\u001b[39m\n                \u001b[36m<span\u001b[39m\n                  \u001b[33mclass\u001b[39m=\u001b[32m\"rounded-md px-2 py-[3px] text-xs font-medium border border-orange-200 bg-orange-50 text-orange-700 \"\u001b[39m\n                \u001b[36m>\u001b[39m\n                  \u001b[0mNot Audited\u001b[0m\n                \u001b[36m</span>\u001b[39m\n              \u001b[36m</div>\u001b[39m\n            \u001b[36m</div>\u001b[39m\n          \u001b[36m</div>\u001b[39m\n          \u001b[36m<div\u001b[39m\n            \u001b[33mclass\u001b[39m=\u001b[32m\"text-muted-foreground space-y-2 px-2 pt-2 text-left text-[12px]\"\u001b[39m\n            \u001b[33mdata-slot\u001b[39m=\u001b[32m\"card-content\"\u001b[39m\n          \u001b[36m>\u001b[39m\n            \u001b[36m<div\u001b[39m\n              \u001b[33mclass\u001b[39m=\u001b[32m\"px-4 text-sm break-words whitespace-pre-wrap text-gray-600\"\u001b[39m\n            \u001b[36m>\u001b[39m\n              \u001b[0mNo audit found for this contract.\u001b[0m\n            \u001b[36m</div>\u001b[39m\n          \u001b[36m</div>\u001b[39m\n        \u001b[36m</div>\u001b[39m\n      \u001b[36m</div>\u001b[39m\n    \u001b[36m</div>\u001b[39m\n  \u001b[36m</div>\u001b[39m\n\u001b[36m</body>\u001b[39m\n    at Object.getElementError (/Users/rr/my-repo/Cloned/crystal-clear/webapp/frontend/node_modules/@testing-library/dom/dist/config.js:37:19)\n    at /Users/rr/my-repo/Cloned/crystal-clear/webapp/frontend/node_modules/@testing-library/dom/dist/query-helpers.js:76:38\n    at /Users/rr/my-repo/Cloned/crystal-clear/webapp/frontend/node_modules/@testing-library/dom/dist/query-helpers.js:52:17\n    at /Users/rr/my-repo/Cloned/crystal-clear/webapp/frontend/node_modules/@testing-library/dom/dist/query-helpers.js:95:19\n    at /Users/rr/my-repo/Cloned/crystal-clear/webapp/frontend/src/app/components/__tests__/RiskDetails.test.tsx:80:14\n    at file:///Users/rr/my-repo/Cloned/crystal-clear/webapp/frontend/node_modules/@vitest/runner/dist/index.js:145:11\n    at file:///Users/rr/my-repo/Cloned/crystal-clear/webapp/frontend/node_modules/@vitest/runner/dist/index.js:915:26\n    at file:///Users/rr/my-repo/Cloned/crystal-clear/webapp/frontend/node_modules/@vitest/runner/dist/index.js:1243:20\n    at new Promise (<anonymous>)\n    at runWithTimeout (file:///Users/rr/my-repo/Cloned/crystal-clear/webapp/frontend/node_modules/@vitest/runner/dist/index.js:1209:10)"],"meta":{}}],"startTime":1772465986221,"endTime":1772465986328.1277,"status":"failed","message":"","name":"/Users/rr/my-repo/Cloned/crystal-clear/webapp/frontend/src/app/components/__tests__/RiskDetails.test.tsx"},{"assertionResults":[{"ancestorTitles":["Sidebar"],"fullName":"Sidebar renders contract details and risk score badges","status":"failed","title":"renders contract details and risk score badges","duration":1150.92675,"failureMessages":["Error: Found multiple elements with the text: /Medium Risk/i\n\nHere are the matching elements:\n\nIgnored nodes: comments, script, style\n\u001b[36m<span\u001b[39m\n  \u001b[33mclass\u001b[39m=\u001b[32m\"rounded px-2 py-1 text-sm font-medium\"\u001b[39m\n  \u001b[33mstyle\u001b[39m=\u001b[32m\"color: rgb(243, 156, 18); background-color: rgba(243, 156, 18, 0.1);\"\u001b[39m\n\u001b[36m>\u001b[39m\n  \u001b[0mMedium Risk\u001b[0m\n\u001b[36m</span>\u001b[39m\n\nIgnored nodes: comments, script, style\n\u001b[36m<span\u001b[39m\n  \u001b[33mclass\u001b[39m=\u001b[32m\"rounded-md px-2 py-[3px] font-bold tracking-wide uppercase bg-orange-500 text-white \"\u001b[39m\n\u001b[36m>\u001b[39m\n  \u001b[0mmedium\u001b[0m\n  \u001b[0m risk\u001b[0m\n\u001b[36m</span>\u001b[39m\n\n(If this is intentional, then use the `*AllBy*` variant of the query (like `queryAllByText`, `getAllByText`, or `findAllByText`)).\n\nIgnored nodes: comments, script, style\n\u001b[36m<body>\u001b[39m\n  \u001b[36m<div>\u001b[39m\n    \u001b[36m<div\u001b[39m\n      \u001b[33mclass\u001b[39m=\u001b[32m\"flex h-full flex-1 flex-col border-l border-[#2b2b2b] bg-white font-['Funnel_Sans,sans-serif']\"\u001b[39m\n    \u001b[36m>\u001b[39m\n      \u001b[36m<div\u001b[39m\n        \u001b[33mclass\u001b[39m=\u001b[32m\"border-b border-gray-300 bg-white p-5 px-4 py-2 shadow-sm\"\u001b[39m\n      \u001b[36m>\u001b[39m\n        \u001b[36m<div\u001b[39m\n          \u001b[33mclass\u001b[39m=\u001b[32m\"mb-2.5 text-left text-base font-bold\"\u001b[39m\n        \u001b[36m>\u001b[39m\n          \u001b[0mContract Information\u001b[0m\n        \u001b[36m</div>\u001b[39m\n        \u001b[36m<div\u001b[39m\n          \u001b[33mclass\u001b[39m=\u001b[32m\"mb-1.5 flex min-h-6 w-full items-center\"\u001b[39m\n        \u001b[36m>\u001b[39m\n          \u001b[36m<span\u001b[39m\n            \u001b[33mclass\u001b[39m=\u001b[32m\"mr-1 text-left text-sm font-medium text-gray-600\"\u001b[39m\n          \u001b[36m>\u001b[39m\n            \u001b[0mContract Address:\u001b[0m\n            \u001b[0m \u001b[0m\n          \u001b[36m</span>\u001b[39m\n          \u001b[36m<span\u001b[39m\n            \u001b[33mclass\u001b[39m=\u001b[32m\"mr-2 cursor-pointer rounded text-sm\"\u001b[39m\n          \u001b[36m>\u001b[39m\n            \u001b[0m0xabc...0xabc\u001b[0m\n          \u001b[36m</span>\u001b[39m\n          \u001b[36m<span>\u001b[39m\n            \u001b[36m<p>\u001b[39m\n              \u001b[0m0xabc\u001b[0m\n            \u001b[36m</p>\u001b[39m\n          \u001b[36m</span>\u001b[39m\n          \u001b[36m<div\u001b[39m\n            \u001b[33mclass\u001b[39m=\u001b[32m\"ml-auto flex gap-2\"\u001b[39m\n          \u001b[36m>\u001b[39m\n            \u001b[36m<button\u001b[39m\n              \u001b[33mclass\u001b[39m=\u001b[32m\"relative flex cursor-pointer items-center rounded-none border-none bg-white text-xs text-gray-600\"\u001b[39m\n            \u001b[36m>\u001b[39m\n              \u001b[36m<span\u001b[39m\n                \u001b[33mclass\u001b[39m=\u001b[32m\"m-1\"\u001b[39m\n              \u001b[36m>\u001b[39m\n                \u001b[36m<svg\u001b[39m\n                  \u001b[33mfill\u001b[39m=\u001b[32m\"none\"\u001b[39m\n                  \u001b[33mheight\u001b[39m=\u001b[32m\"16\"\u001b[39m\n                  \u001b[33mviewBox\u001b[39m=\u001b[32m\"0 0 24 24\"\u001b[39m\n                  \u001b[33mwidth\u001b[39m=\u001b[32m\"16\"\u001b[39m\n                  \u001b[33mxmlns\u001b[39m=\u001b[32m\"http://www.w3.org/2000/svg\"\u001b[39m\n                \u001b[36m>\u001b[39m\n                  \u001b[36m<path\u001b[39m\n                    \u001b[33mclip-rule\u001b[39m=\u001b[32m\"evenodd\"\u001b[39m\n                    \u001b[33md\u001b[39m=\u001b[32m\"M21 6H7V22H15V20H17V18H15V16H17V18H19V16H21V6ZM9 20V8H19V14H13V20H9ZM3 18H5V4H17V2H5H3V4V18Z\"\u001b[39m\n                    \u001b[33mfill\u001b[39m=\u001b[32m\"#2b2b2b\"\u001b[39m\n                    \u001b[33mfill-rule\u001b[39m=\u001b[32m\"evenodd\"\u001b[39m\n                  \u001b[36m/>\u001b[39m\n                \u001b[36m</svg>\u001b[39m\n              \u001b[36m</span>\u001b[39m\n            \u001b[36m</button>\u001b[39m\n            \u001b[36m<a\u001b[39m\n              \u001b[33mclass\u001b[39m=\u001b[32m\"flex cursor-pointer items-center rounded-none border-none bg-white text-gray-600 no-underline\"\u001b[39m\n              \u001b[33mhref\u001b[39m=\u001b[32m\"https://etherscan.io/address/0xabc\"\u001b[39m\n              \u001b[33mrel\u001b[39m=\u001b[32m\"noopener noreferrer\"\u001b[39m\n              \u001b[33mtarget\u001b[39m=\u001b[32m\"_blank\"\u001b[39m\n            \u001b[36m>\u001b[39m\n              \u001b[36m<svg\u001b[39m\n                \u001b[33mfill\u001b[39m=\u001b[32m\"none\"\u001b[39m\n                \u001b[33mheight\u001b[39m=\u001b[32m\"16\"\u001b[39m\n                \u001b[33mviewBox\u001b[39m=\u001b[32m\"-2.19622685 .37688013 124.38617733 125.52740941\"\u001b[39m\n                \u001b[33mwidth\u001b[39m=\u001b[32m\"16\"\u001b[39m\n                \u001b[33mxmlns\u001b[39m=\u001b[32m\"http://www.w3.org/2000/svg\"\u001b[39m\n              \u001b[36m>\u001b[39m\n                \u001b[36m<path\u001b[39m\n                  \u001b[33md\u001b[39m=\u001b[32m\"m25.79 58.415a5.157 5.157 0 0 1 5.181-5.156l8.59.028a5.164 5.164 0 0 1 5.164 5.164v32.48c.967-.287 2.209-.593 3.568-.913a4.3 4.3 0 0 0 3.317-4.187v-40.291a5.165 5.165 0 0 1 5.164-5.165h8.607a5.165 5.165 0 0 1 5.164 5.165v37.393s2.155-.872 4.254-1.758a4.311 4.311 0 0 0 2.632-3.967v-44.578a5.164 5.164 0 0 1 5.163-5.164h8.606a5.164 5.164 0 0 1 5.164 5.164v36.71c7.462-5.408 15.024-11.912 21.025-19.733a8.662 8.662 0 0 0 1.319-8.092 60.792 60.792 0 0 0 -58.141-40.829 60.788 60.788 0 0 0 -51.99 91.064 7.688 7.688 0 0 0 7.334 3.8c1.628-.143 3.655-.346 6.065-.63a4.3 4.3 0 0 0 3.815-4.268z\"\u001b[39m\n                  \u001b[33mfill\u001b[39m=\u001b[32m\"#21325b\"\u001b[39m\n                \u001b[36m/>\u001b[39m\n                \u001b[36m<path\u001b[39m\n                  \u001b[33md\u001b[39m=\u001b[32m\"m25.602 110.51a60.813 60.813 0 0 0 63.371 5.013 60.815 60.815 0 0 0 33.212-54.203c0-1.4-.065-2.785-.158-4.162-22.219 33.138-63.244 48.63-96.423 53.347\"\u001b[39m\n                  \u001b[33mfill\u001b[39m=\u001b[32m\"#979695\"\u001b[39m\n                \u001b[36m/>\u001b[39m\n              \u001b[36m</svg>\u001b[39m\n            \u001b[36m</a>\u001b[39m\n          \u001b[36m</div>\u001b[39m\n        \u001b[36m</div>\u001b[39m\n        \u001b[36m<div\u001b[39m\n          \u001b[33mclass\u001b[39m=\u001b[32m\"mb-1.5 flex min-h-6 items-center\"\u001b[39m\n        \u001b[36m>\u001b[39m\n          \u001b[36m<span\u001b[39m\n            \u001b[33mclass\u001b[39m=\u001b[32m\"mr-1 text-sm font-medium text-gray-600\"\u001b[39m\n          \u001b[36m>\u001b[39m\n            \u001b[0mDeployer:\u001b[0m\n            \u001b[0m \u001b[0m\n          \u001b[36m</span>\u001b[39m\n          \u001b[36m<span\u001b[39m\n            \u001b[33mclass\u001b[39m=\u001b[32m\"mr-2 cursor-pointer rounded px-1 py-0.5 text-sm\"\u001b[39m\n          \u001b[36m>\u001b[39m\n            \u001b[0m0xdef...0xdef\u001b[0m\n          \u001b[36m</span>\u001b[39m\n          \u001b[36m<span>\u001b[39m\n            \u001b[36m<p>\u001b[39m\n              \u001b[0m0xdef\u001b[0m\n            \u001b[36m</p>\u001b[39m\n          \u001b[36m</span>\u001b[39m\n          \u001b[36m<div\u001b[39m\n            \u001b[33mclass\u001b[39m=\u001b[32m\"ml-auto flex gap-2\"\u001b[39m\n          \u001b[36m>\u001b[39m\n            \u001b[36m<button\u001b[39m\n              \u001b[33mclass\u001b[39m=\u001b[32m\"relative flex cursor-pointer items-center rounded-none border-none bg-white text-xs text-gray-600\"\u001b[39m\n            \u001b[36m>\u001b[39m\n              \u001b[36m<span\u001b[39m\n                \u001b[33mclass\u001b[39m=\u001b[32m\"m-1\"\u001b[39m\n              \u001b[36m>\u001b[39m\n                \u001b[36m<svg\u001b[39m\n                  \u001b[33mfill\u001b[39m=\u001b[32m\"none\"\u001b[39m\n                  \u001b[33mheight\u001b[39m=\u001b[32m\"16\"\u001b[39m\n                  \u001b[33mviewBox\u001b[39m=\u001b[32m\"0 0 24 24\"\u001b[39m\n                  \u001b[33mwidth\u001b[39m=\u001b[32m\"16\"\u001b[39m\n                  \u001b[33mxmlns\u001b[39m=\u001b[32m\"http://www.w3.org/2000/svg\"\u001b[39m\n                \u001b[36m>\u001b[39m\n                  \u001b[36m<path\u001b[39m\n                    \u001b[33mclip-rule\u001b[39m=\u001b[32m\"evenodd\"\u001b[39m\n                    \u001b[33md\u001b[39m=\u001b[32m\"M21 6H7V22H15V20H17V18H15V16H17V18H19V16H21V6ZM9 20V8H19V14H13V20H9ZM3 18H5V4H17V2H5H3V4V18Z\"\u001b[39m\n                    \u001b[33mfill\u001b[39m=\u001b[32m\"#2b2b2b\"\u001b[39m\n                    \u001b[33mfill-rule\u001b[39m=\u001b[32m\"evenodd\"\u001b[39m\n                  \u001b[36m/>\u001b[39m\n                \u001b[36m</svg>\u001b[39m\n              \u001b[36m</span>\u001b[39m\n            \u001b[36m</button>\u001b[39m\n            \u001b[36m<a\u001b[39m\n              \u001b[33mclass\u001b[39m=\u001b[32m\"flex cursor-pointer items-center rounded-none border-none bg-white text-gray-600 no-underline\"\u001b[39m\n              \u001b[33mhref\u001b[39m=\u001b[32m\"https://etherscan.io/address/0xdef\"\u001b[39m\n              \u001b[33mrel\u001b[39m=\u001b[32m\"noopener noreferrer\"\u001b[39m\n              \u001b[33mtarget\u001b[39m=\u001b[32m\"_blank\"\u001b[39m\n            \u001b[36m>\u001b[39m\n              \u001b[36m<svg\u001b[39m\n                \u001b[33mfill\u001b[39m=\u001b[32m\"none\"\u001b[39m\n                \u001b[33mheight\u001b[39m=\u001b[32m\"16\"\u001b[39m\n                \u001b[33mviewBox\u001b[39m=\u001b[32m\"-2.19622685 .37688013 124.38617733 125.52740941\"\u001b[39m\n                \u001b[33mwidth\u001b[39m=\u001b[32m\"16\"\u001b[39m\n                \u001b[33mxmlns\u001b[39m=\u001b[32m\"http://www.w3.org/2000/svg\"\u001b[39m\n              \u001b[36m>\u001b[39m\n                \u001b[36m<path\u001b[39m\n                  \u001b[33md\u001b[39m=\u001b[32m\"m25.79 58.415a5.157 5.157 0 0 1 5...\n    at Proxy.waitForWrapper (/Users/rr/my-repo/Cloned/crystal-clear/webapp/frontend/node_modules/@testing-library/dom/dist/wait-for.js:163:27)\n    at /Users/rr/my-repo/Cloned/crystal-clear/webapp/frontend/src/app/components/__tests__/Sidebar.test.tsx:66:11\n    at file:///Users/rr/my-repo/Cloned/crystal-clear/webapp/frontend/node_modules/@vitest/runner/dist/index.js:145:11\n    at file:///Users/rr/my-repo/Cloned/crystal-clear/webapp/frontend/node_modules/@vitest/runner/dist/index.js:915:26\n    at file:///Users/rr/my-repo/Cloned/crystal-clear/webapp/frontend/node_modules/@vitest/runner/dist/index.js:1243:20\n    at new Promise (<anonymous>)\n    at runWithTimeout (file:///Users/rr/my-repo/Cloned/crystal-clear/webapp/frontend/node_modules/@vitest/runner/dist/index.js:1209:10)\n    at file:///Users/rr/my-repo/Cloned/crystal-clear/webapp/frontend/node_modules/@vitest/runner/dist/index.js:1653:37\n    at Traces.$ (file:///Users/rr/my-repo/Cloned/crystal-clear/webapp/frontend/node_modules/vitest/dist/chunks/traces.CCmnQaNT.js:142:27)\n    at trace (file:///Users/rr/my-repo/Cloned/crystal-clear/webapp/frontend/node_modules/vitest/dist/chunks/test.B8ej_ZHS.js:239:21)"],"meta":{}},{"ancestorTitles":["Sidebar"],"fullName":"Sidebar copies contract address to clipboard","status":"passed","title":"copies contract address to clipboard","duration":131.72249999999985,"failureMessages":[],"meta":{}},{"ancestorTitles":["Sidebar"],"fullName":"Sidebar shows placeholder when no jsonData","status":"failed","title":"shows placeholder when no jsonData","duration":8.914749999999913,"failureMessages":["TestingLibraryElementError: Found multiple elements with the text: /Waiting for an address/\n\nHere are the matching elements:\n\nIgnored nodes: comments, script, style\n\u001b[36m<span\u001b[39m\n  \u001b[33mclass\u001b[39m=\u001b[32m\"flex items-center gap-1 text-xs text-gray-600 italic\"\u001b[39m\n\u001b[36m>\u001b[39m\n  \u001b[36m<svg\u001b[39m\n    \u001b[33mfill\u001b[39m=\u001b[32m\"none\"\u001b[39m\n    \u001b[33mheight\u001b[39m=\u001b[32m\"12\"\u001b[39m\n    \u001b[33mviewBox\u001b[39m=\u001b[32m\"0 0 24 24\"\u001b[39m\n    \u001b[33mwidth\u001b[39m=\u001b[32m\"12\"\u001b[39m\n    \u001b[33mxmlns\u001b[39m=\u001b[32m\"http://www.w3.org/2000/svg\"\u001b[39m\n  \u001b[36m>\u001b[39m\n    \u001b[36m<path\u001b[39m\n      \u001b[33md\u001b[39m=\u001b[32m\"M12 2C6.48 2 2 6.48 2 12s4.48 10 10 10 10-4.48 10-10S17.52 2 12 2zm0 18c-4.41 0-8-3.59-8-8s3.59-8 8-8 8 3.59 8 8-3.59 8-8 8zm-1-13h2v6h-2zm0 8h2v2h-2z\"\u001b[39m\n      \u001b[33mfill\u001b[39m=\u001b[32m\"currentColor\"\u001b[39m\n    \u001b[36m/>\u001b[39m\n  \u001b[36m</svg>\u001b[39m\n  \u001b[0mWaiting for an address...\u001b[0m\n\u001b[36m</span>\u001b[39m\n\nIgnored nodes: comments, script, style\n\u001b[36m<span\u001b[39m\n  \u001b[33mclass\u001b[39m=\u001b[32m\"flex items-center gap-1 text-xs text-gray-600 italic\"\u001b[39m\n\u001b[36m>\u001b[39m\n  \u001b[36m<svg\u001b[39m\n    \u001b[33mfill\u001b[39m=\u001b[32m\"none\"\u001b[39m\n    \u001b[33mheight\u001b[39m=\u001b[32m\"12\"\u001b[39m\n    \u001b[33mviewBox\u001b[39m=\u001b[32m\"0 0 24 24\"\u001b[39m\n    \u001b[33mwidth\u001b[39m=\u001b[32m\"12\"\u001b[39m\n    \u001b[33mxmlns\u001b[39m=\u001b[32m\"http://www.w3.org/2000/svg\"\u001b[39m\n  \u001b[36m>\u001b[39m\n    \u001b[36m<path\u001b[39m\n      \u001b[33md\u001b[39m=\u001b[32m\"M12 2C6.48 2 2 6.48 2 12s4.48 10 10 10 10-4.48 10-10S17.52 2 12 2zm0 18c-4.41 0-8-3.59-8-8s3.59-8 8-8 8 3.59 8 8-3.59 8-8 8zm-1-13h2v6h-2zm0 8h2v2h-2z\"\u001b[39m\n      \u001b[33mfill\u001b[39m=\u001b[32m\"currentColor\"\u001b[39m\n    \u001b[36m/>\u001b[39m\n  \u001b[36m</svg>\u001b[39m\n  \u001b[0mWaiting for an address...\u001b[0m\n\u001b[36m</span>\u001b[39m\n\n(If this is intentional, then use the `*AllBy*` variant of the query (like `queryAllByText`, `getAllByText`, or `findAllByText`)).\n\nIgnored nodes: comments, script, style\n\u001b[36m<body>\u001b[39m\n  \u001b[36m<div>\u001b[39m\n    \u001b[36m<div\u001b[39m\n      \u001b[33mclass\u001b[39m=\u001b[32m\"flex h-full flex-1 flex-col border-l border-[#2b2b2b] bg-white font-['Funnel_Sans,sans-serif']\"\u001b[39m\n    \u001b[36m>\u001b[39m\n      \u001b[36m<div\u001b[39m\n        \u001b[33mclass\u001b[39m=\u001b[32m\"border-b border-gray-300 bg-white p-5 px-4 py-2 shadow-sm\"\u001b[39m\n      \u001b[36m>\u001b[39m\n        \u001b[36m<div\u001b[39m\n          \u001b[33mclass\u001b[39m=\u001b[32m\"mb-2.5 text-left text-base font-bold\"\u001b[39m\n        \u001b[36m>\u001b[39m\n          \u001b[0mContract Information\u001b[0m\n        \u001b[36m</div>\u001b[39m\n        \u001b[36m<div\u001b[39m\n          \u001b[33mclass\u001b[39m=\u001b[32m\"mb-1.5 flex min-h-6 w-full items-center\"\u001b[39m\n        \u001b[36m>\u001b[39m\n          \u001b[36m<span\u001b[39m\n            \u001b[33mclass\u001b[39m=\u001b[32m\"mr-1 text-left text-sm font-medium text-gray-600\"\u001b[39m\n          \u001b[36m>\u001b[39m\n            \u001b[0mContract Address:\u001b[0m\n            \u001b[0m \u001b[0m\n          \u001b[36m</span>\u001b[39m\n          \u001b[36m<div\u001b[39m\n            \u001b[33mclass\u001b[39m=\u001b[32m\"flex flex-col items-center rounded bg-gray-50 px-1 py-0.5\"\u001b[39m\n          \u001b[36m>\u001b[39m\n            \u001b[36m<span\u001b[39m\n              \u001b[33mclass\u001b[39m=\u001b[32m\"flex items-center gap-1 text-xs text-gray-600 italic\"\u001b[39m\n            \u001b[36m>\u001b[39m\n              \u001b[36m<svg\u001b[39m\n                \u001b[33mfill\u001b[39m=\u001b[32m\"none\"\u001b[39m\n                \u001b[33mheight\u001b[39m=\u001b[32m\"12\"\u001b[39m\n                \u001b[33mviewBox\u001b[39m=\u001b[32m\"0 0 24 24\"\u001b[39m\n                \u001b[33mwidth\u001b[39m=\u001b[32m\"12\"\u001b[39m\n                \u001b[33mxmlns\u001b[39m=\u001b[32m\"http://www.w3.org/2000/svg\"\u001b[39m\n              \u001b[36m>\u001b[39m\n                \u001b[36m<path\u001b[39m\n                  \u001b[33md\u001b[39m=\u001b[32m\"M12 2C6.48 2 2 6.48 2 12s4.48 10 10 10 10-4.48 10-10S17.52 2 12 2zm0 18c-4.41 0-8-3.59-8-8s3.59-8 8-8 8 3.59 8 8-3.59 8-8 8zm-1-13h2v6h-2zm0 8h2v2h-2z\"\u001b[39m\n                  \u001b[33mfill\u001b[39m=\u001b[32m\"currentColor\"\u001b[39m\n                \u001b[36m/>\u001b[39m\n              \u001b[36m</svg>\u001b[39m\n              \u001b[0mWaiting for an address...\u001b[0m\n            \u001b[36m</span>\u001b[39m\n          \u001b[36m</div>\u001b[39m\n        \u001b[36m</div>\u001b[39m\n        \u001b[36m<div\u001b[39m\n          \u001b[33mclass\u001b[39m=\u001b[32m\"mb-1.5 flex min-h-6 items-center\"\u001b[39m\n        \u001b[36m>\u001b[39m\n          \u001b[36m<span\u001b[39m\n            \u001b[33mclass\u001b[39m=\u001b[32m\"mr-1 text-sm font-medium text-gray-600\"\u001b[39m\n          \u001b[36m>\u001b[39m\n            \u001b[0mDeployer:\u001b[0m\n            \u001b[0m \u001b[0m\n          \u001b[36m</span>\u001b[39m\n          \u001b[36m<div\u001b[39m\n            \u001b[33mclass\u001b[39m=\u001b[32m\"flex flex-col items-center rounded bg-gray-50 px-1 py-0.5\"\u001b[39m\n          \u001b[36m>\u001b[39m\n            \u001b[36m<span\u001b[39m\n              \u001b[33mclass\u001b[39m=\u001b[32m\"flex items-center gap-1 text-xs text-gray-600 italic\"\u001b[39m\n            \u001b[36m>\u001b[39m\n              \u001b[36m<svg\u001b[39m\n                \u001b[33mfill\u001b[39m=\u001b[32m\"none\"\u001b[39m\n                \u001b[33mheight\u001b[39m=\u001b[32m\"12\"\u001b[39m\n                \u001b[33mviewBox\u001b[39m=\u001b[32m\"0 0 24 24\"\u001b[39m\n                \u001b[33mwidth\u001b[39m=\u001b[32m\"12\"\u001b[39m\n                \u001b[33mxmlns\u001b[39m=\u001b[32m\"http://www.w3.org/2000/svg\"\u001b[39m\n              \u001b[36m>\u001b[39m\n                \u001b[36m<path\u001b[39m\n                  \u001b[33md\u001b[39m=\u001b[32m\"M12 2C6.48 2 2 6.48 2 12s4.48 10 10 10 10-4.48 10-10S17.52 2 12 2zm0 18c-4.41 0-8-3.59-8-8s3.59-8 8-8 8 3.59 8 8-3.59 8-8 8zm-1-13h2v6h-2zm0 8h2v2h-2z\"\u001b[39m\n                  \u001b[33mfill\u001b[39m=\u001b[32m\"currentColor\"\u001b[39m\n                \u001b[36m/>\u001b[39m\n              \u001b[36m</svg>\u001b[39m\n              \u001b[0mWaiting for an address...\u001b[0m\n            \u001b[36m</span>\u001b[39m\n          \u001b[36m</div>\u001b[39m\n          \u001b[36m<div\u001b[39m\n            \u001b[33mclass\u001b[39m=\u001b[32m\"ml-auto flex gap-2\"\u001b[39m\n          \u001b[36m>\u001b[39m\n            \u001b[36m<button\u001b[39m\n              \u001b[33mclass\u001b[39m=\u001b[32m\"relative flex cursor-pointer items-center rounded-none border-none bg-white text-xs text-gray-600\"\u001b[39m\n            \u001b[36m>\u001b[39m\n              \u001b[36m<span\u001b[39m\n                \u001b[33mclass\u001b[39m=\u001b[32m\"m-1\"\u001b[39m\n              \u001b[36m>\u001b[39m\n                \u001b[36m<svg\u001b[39m\n                  \u001b[33mfill\u001b[39m=\u001b[32m\"none\"\u001b[39m\n                  \u001b[33mheight\u001b[39m=\u001b[32m\"16\"\u001b[39m\n                  \u001b[33mviewBox\u001b[39m=\u001b[32m\"0 0 24 24\"\u001b[39m\n                  \u001b[33mwidth\u001b[39m=\u001b[32m\"16\"\u001b[39m\n                  \u001b[33mxmlns\u001b[39m=\u001b[32m\"http://www.w3.org/2000/svg\"\u001b[39m\n                \u001b[36m>\u001b[39m\n                  \u001b[36m<path\u001b[39m\n                    \u001b[33mclip-rule\u001b[39m=\u001b[32m\"evenodd\"\u001b[39m\n                    \u001b[33md\u001b[39m=\u001b[32m\"M21 6H7V22H15V20H17V18H15V16H17V18H19V16H21V6ZM9 20V8H19V14H13V20H9ZM3 18H5V4H17V2H5H3V4V18Z\"\u001b[39m\n                    \u001b[33mfill\u001b[39m=\u001b[32m\"#2b2b2b\"\u001b[39m\n                    \u001b[33mfill-rule\u001b[39m=\u001b[32m\"evenodd\"\u001b[39m\n                  \u001b[36m/>\u001b[39m\n                \u001b[36m</svg>\u001b[39m\n              \u001b[36m</span>\u001b[39m\n            \u001b[36m</button>\u001b[39m\n            \u001b[36m<a\u001b[39m\n              \u001b[33mclass\u001b[39m=\u001b[32m\"flex cursor-pointer items-center rounded-none border-none bg-white text-gray-600 no-underline\"\u001b[39m\n              \u001b[33mhref\u001b[39m=\u001b[32m\"https://etherscan.io/address/0xdef\"\u001b[39m\n              \u001b[33mrel\u001b[39m=\u001b[32m\"noopener noreferrer\"\u001b[39m\n              \u001b[33mtarget\u001b[39m=\u001b[32m\"_blank\"\u001b[39m\n            \u001b[36m>\u001b[39m\n              \u001b[36m<svg\u001b[39m\n                \u001b[33mfill\u001b[39m=\u001b[32m\"none\"\u001b[39m\n                \u001b[33mheight\u001b[39m=\u001b[32m\"16\"\u001b[39m\n                \u001b[33mviewBox\u001b[39m=\u001b[32m\"-2.19622685 .37688013 124.38617733 125.52740941\"\u001b[39m\n                \u001b[33mwidth\u001b[39m=\u001b[32m\"16\"\u001b[39m\n                \u001b[33mxmlns\u001b[39m=\u001b[32m\"http://www.w3.org/2000/svg\"\u001b[39m\n              \u001b[36m>\u001b[39m\n                \u001b[36m<path\u001b[39m\n                  \u001b[33md\u001b[39m=\u001b[32m\"m25.79 58.415a5.157 5.157 0 0 1 5.181-5.156l8.59.028a5.164 5.164 0 0 1 5.164 5.164v32.48c.967-.287 2.209-.593 3.568-.913a4.3 4.3 0 0 0 3.317-4.187v-40.291a5.165 5.165 0 0 1 5.164-5.165h8.607a5.165 5.165 0 0 1 5.164 5.165v37.393s2.155-.872 4.254-1.758a4.311 4.311 0 0 0 2.632-3.967v-44.578a5.164 5.164 0 0 1 5.163-5.164h8.606a5.164 5.164 0 0 1 5.164 5.164v36.71c7.462-5.408 15.024-11.912 21.025-19.733a8.662 8.662 0 0 0 1.319-8.092 60.792 60.792 0 0 0 -58.141-40.829 60.788 60.788 0 0 0 -51.99 91.064 7.688 7.688 0 0 0 7.334 3.8c1.628-.143 3.655-.346 6.065-.63a4.3 4.3 0 0 0 3.815-4.268z\"\u001b[39m\n                  \u001b[33mfill\u001b[39m=\u001b[32m\"#21325b\"\u001b[39m\n                \u001b[36m/>\u001b[39m\n                \u001b[36m<path\u001b[39m\n                  \u001b[33md\u001b[39m=\u001b[32m\"m25.602 110.51a60.813 60.813 0 0 0 63.371 5.013 60.815 60.815 0 0 0 33.212-54.203c0-1.4-.065-2.785-.158-4.162-22.219 33.138-63.244 48.63-96.423 53.347\"\u001b[39m\n                  \u001b[33mfill\u001b[39m=\u001b[32m\"#979695\"\u001b[39m\n                \u001b[36m/>\u001b[39m\n              \u001b[36m</svg>\u001b[39m\n            \u001b[36m</a>\u001b[39m\n          \u001b[36m</div>\u001b[39m\n        \u001b[36m</div>\u001b[39m\n        \u001b[36m<div\u001b[39m\n          \u001b[33mclass\u001b[39m=\u001b[32m\"mb-1.5 flex min-h-6 items-center\"\u001b[39m\n        \u001b[36m>\u001b[39m\n          \u001b[36m<span\u001b[39m\n            \u001b[33mclass\u001b[39m=\u001b[32m\"mr-1 text-sm font-medium text-gray-600\"\u001b[39m\n          \u001b[36m>\u001b[39m\n            \u001b[0mBlock Range:\u001b[0m\n            \u001b[0m \u001b[0m\n          \u001b[36m</span>\u001b[39m\n          \u001b[36m<span\u001b[39m\n            \u001b[33mclass\u001b[39m=\u001b[32m\"text-sm\"\u001b[39m\n          \u001b[36m>\u001b[39m\n            \u001b[36m<div\u001b[39m\n              \u001b[33mclass\u001b[39m=\u001b[32m\"flex flex-col items-center rounded bg-gray-50 px-1 py-0.5\"\u001b[39m\n            \u001b[36m>\u001b[39m\n              \u001b[36m<span\u001b[39m\n                \u001b[33mclass\u001b[39m=\u001b[32m\"flex items-center gap-1 text-xs text-gray-600 italic\"\u001b[39m\n              \u001b[36m>\u001b[39m\n                \u001b[36m<svg\u001b[39m\n                  \u001b[33mfill\u001b[39m=\u001b[32m\"none\"\u001b[39m\n                  \u001b[33mheight\u001b[39m=\u001b[32m\"12\"\u001b[39m\n                  \u001b[33mviewBox\u001b[39m=\u001b[32m\"0 0 24 24\"\u001b[39m\n                  \u001b[33mwidth\u001b[39m=\u001b[32m\"12\"\u001b[39m\n                  \u001b[33mxmlns\u001b[39m=\u001b[32m\"http://www.w3.org/2000/svg\"\u001b[39m\n                \u001b[36m>\u001b[39m\n                  \u001b[36m<path\u001b[39m\n                    \u001b[33md\u001b[39m=\u001b[32m\"M12 2C6.48 2 2 6.48 2 12s4.48 10 10 10 10-4.48 10-10S17.52 2 12 2zm0 18c-4.41 0-8-3.59-8-8s3.59-8 8-8 8 3.59 8 8-3.59 8-8 8zm-1-13h2v6h-2zm0 8h2v2h-2z\"\u001b[39m\n                    \u001b[33mfill\u001b[39m=\u001b[32m\"currentColor\"\u001b[39m\n                  \u001b[36m/>\u001b[39m\n                \u001b[36m</svg>\u001b[39m\n                \u001b[0mBlock range will be displayed here...\u001b[0m\n              \u001b[36m</span>\u001b[39m\n            \u001b[36m</div>\u001b[39m\n          \u001b[36m</span>\u001b[39m\n        \u001b[36m</div>\u001b[39m\n        \u001b[36m<div\u001b[39m\n          \u001b[33mclass\u001b[39m=\u001b[32m\"!mt-2.5 !mb-2.5 rounded-md border border-gray-200 bg-gray-50 p-4 !px-2 !py-2\"\u001b[39m\n        \u001b[36m>\u001b[39m\n          \u001b[36m<div\u001b[39m\n            \u001b[33mclass\u001b[39m=\u001b[32m\"mb-1.5 flex items-center justify-between\"\u001b[39m\n          \u001b[36m>\u001b[39m\n            \u001b[36m<div\u001b[39m\n              \u001b[33mclass\u001b[39m=\u001b[32m\"flex w-full items-center\"\u001b[39m\n            \u001b[36m>\u001b[39m\n              \u001b[36m<div\u001b[39m\n                \u001b[33mclass\u001b[39m=\u001b[32m\"flex w-full items-center justify-between gap-1\"\u001b[39m\n              \u001b[36m>\u001b[39m\n                \u001b[36m<span\u001b[39m\n                  \u001b[33mclass\u001b[39m=\u001b[32m\"flex items-center text-base font-bold\"\u001b[39m\n                  \u001b[33mstyle\u001b[39m=\u001b[32m\"color: rgb(243, 156, 18);\"\u001b[39m\n                \u001b[36m>\u001b[39m\n                  \u001b[0m72/100\u001b[0m\n                  \u001b[36m<div\u001b[39m\n                    \u001b[33mclass\u001b[39m=\u001b[32m\"relative ml-1 flex h-4.5 w-4.5 cursor-pointer items-center justify-center rounded-full border border-gray-300 bg-gray-50 text-xs font-bold text-gray-500\"\u001b[39m\n                  \u001b[36m>\u001b[39m\n                    \u001b[0m?\u001b[0m\n                  \u001b[36m</div>\u001b[39m\n                \u001b[36m</span>\u001b[39m\n                \u001b[36m<div\u001b[39m\n                  \u001b[33mclass\u001b[39m=\u001b[32m\"flex items-center gap-2.5\"\u001b[39m\n                \u001b[36m>\u001b[39m\n                  \u001b[36m<span\u001b[39m\n                    \u001b[33mclass\u001b[39m=\u001b[32m\"rounded px-2 py-1 text-sm font-medium\"\u001b[39m\n                    \u001b[33mstyle\u001b[39m=\u001b[32m\"color: rgb(243, 156, 18); background-color: rgba(243, 156, 18, 0.1);\"\u001b[39m\n                  \u001b[36m>\u001b[39m\n                    \u001b[0mMedium Risk\u001b[0m\n                  \u001b[36m</span>\u001b[39m\n                  \u001b[36m<button\u001b[39m\n                    \u001b[33mclass\u001b[39m=\u001b[32m\"flex items-center justify-center rounded border border-gray-300 bg-white px-2 py-1 shadow-sm transition-all duration-200 cursor-pointer text-gray-600 hover:bg-gray-50\"\u001b[39m\n                    \u001b[33mtitle\u001b[39m=\u001b[32m\"Download report\"\u001b[39m\n                  \u001b[36m>\u001b[39m\n                    \u001b[36m<svg\u001b[39m\n                      \u001b[33mclass\u001b[39m=\u001b[32m\"mr-1\"\u001b[39m\n                      \u001b[33mfill\u001b[39m=\u001b[32m\"none\"\u001b[39m\n                      \u001b[33mheight\u001b[39m=\u001b[32m\"16px\"\u001b[39m\n                      \u001b[33mviewBox\u001b[39m=\u001b[32m\"0 0 24 24\"\u001b[39m\n                      \u001b[33mwidth\u001b[39m=\u001b[32m\"16px\"\u001b[39m\n                      \u001b[33mxmlns\u001b[39m=\u001b[32m\"http://www.w3.org/2000/svg\"\u001b[39m\n                    \u001b[36m>\u001b[39m\n                      \u001b[36m<path\u001b[39m\n                        \u001b[33md\u001b[39m=\u001b[32m\"M11 4h2v8h2v2h-2v2h-2v-2H9v-2h2V4zm-2 8H7v-2h2v2zm6 0v-2h2v2h-2zM4 18h16v2H4v-2z\"\u001b[39m\n                        \u001b[33mfill\u001b[39m=\u001b[32m\"currentColor\"\u001b[39m\n                      \u001b[36m/>\u001b[39m\n                    \u001b[36m</svg>\u001b[39m\n                    \u001b[36m<span\u001b[39m\n                      \u001b[33mclass\u001b[39m=\u001b[32m\"text-xs font-medium\"\u001b[39m\n                    \u001b[36m>\u001b[39m\n                      \u001b[0mReport\u001b[0m\n                    \u001b[36m</span>\u001b[39m\n                  \u001b[36m</button>\u001b[39m\n                \u001b[36m</div>\u001b[39m\n              \u001b[36m</div>\u001b[39m\n            \u001b[36m</div>\u001b[39m\n          \u001b[36m</div>\u001b[39m\n        \u001b[36m</div>\u001b[39m\n      \u001b[36m</div>\u001b[39m\n      \u001b[36m<div\u001b[39m\n        \u001b[33mclass\u001b[39m=\u001b[32m\"flex gap-4 border-b border-[#2b2b2b] bg-white px-4 py-2\"\u001b[39m\n      \u001b[36m>\u001b[39m\n        \u001b[36m<div\u001b[39m\n          \u001b[33mclass\u001b[39m=\u001b[32m\"panel-tab mr-1.5 cursor-pointer px-4 py-2.5 active\"\u001b[39m\n          \u001b[33mstyle\u001b[39m=\u001b[32m\"border-bottom: 2px solid rgb(201, 224, 190); color: rgb(40, 124, 132); font-weight: 500; opacity: 1;\"\u001b[39m\n        \u001b[36m>\u001b[39m\n          \u001b[0mRisk Details\u001b[0m\n        \u001b[36m</div>\u001b[39m\n        \u001b[36m<div\u001b[39m\n          \u001b[33mclass\u001b[39m=\u001b[32m\"panel-tab mr-1.5 cursor-pointer px-4 py-2.5 \"\u001b[39m\n          \u001b[33mstyle\u001b[39m=\u001b[32m\"border-bottom: medium; color: inherit; font-weight: normal; opacity: 1;\"\u001b[39m\n        \u001b[36m>\u001b[39m\n          \u001b[0mInteractions\u001b[0m\n        \u001b[36m</div>\u001b[39m\n        \u001b[36m<div\u001b[39m\n          \u001b[33mclass\u001b[39m=\u001b[32m\"panel-tab mr-1.5 cursor-pointer px-4 py-2.5 \"\u001b[39m\n          \u001b[33mstyle\u001b[39m=\u001b[32m\"border-bottom: medium; color: inherit; font-weight: normal; opacity: 0.5;\"\u001b[39m\n        \u001b[36m>\u001b[39m\n          \u001b[0mDependency\u001b[0m\n        \u001b[36m</div>\u001b[39m\n      \u001b[36m</div>\u001b[39m\n      \u001b[36m<div\u001b[39m\n        \u001b[33mclass\u001b[39m=\u001b[32m\"flex-1 overflow-y-auto\"\u001b[39m\n      \u001b[36m>\u001b[39m\n        \u001b[36m<div\u001b[39m\n          \u001b[33mstyle\u001b[39m=\u001b[32m\"display: none;\"\u001b[39m\n        \u001b[36m>\u001b[39m\n          \u001b[36m<div>\u001b[39m\n            \u001b[0mInteractions\u001b[0m\n          \u001b[36m</div>\u001b[39m\n        \u001b[36m</div>\u001b[39m\n        \u001b[36m<div\u001b[39m\n          \u001b[33mstyle\u001b[39m=\u001b[32m\"display: block;\"\u001b[39m\n        \u001b[36m>\u001b[39m\n          \u001b[36m<div\u001b[39m\n            \u001b[33mclass\u001b[39m=\u001b[32m\"h-fit min-h-full w-full bg-white\"\u001b[39m\n          \u001b[36m>\u001b[39m\n            \u001b[36m<div\u001b[39m\n              \u001b[33mclass\u001b[39m=\u001b[32m\"flex w-full flex-col gap-2 px-4 py-2\"\u001b[39m\n            \u001b[36m/>\u001b[39m\n          \u001b[36m</div>\u001b[39m\n        \u001b[36m</div>\u001b[39m\n      \u001b[36m</div>\u001b[39m\n    \u001b[36m</div>\u001b[39m\n  \u001b[36m</div>\u001b[39m\n\u001b[36m</body>\u001b[39m\n    at Object.getElementError (/Users/rr/my-repo/Cloned/crystal-clear/webapp/frontend/node_modules/@testing-library/dom/dist/config.js:37:19)\n    at getElementError (/Users/rr/my-repo/Cloned/crystal-clear/webapp/frontend/node_modules/@testing-library/dom/dist/query-helpers.js:20:35)\n    at getMultipleElementsFoundError (/Users/rr/my-repo/Cloned/crystal-clear/webapp/frontend/node_modules/@testing-library/dom/dist/query-helpers.js:23:10)\n    at /Users/rr/my-repo/Cloned/crystal-clear/webapp/frontend/node_modules/@testing-library/dom/dist/query-helpers.js:55:13\n    at /Users/rr/my-repo/Cloned/crystal-clear/webapp/frontend/node_modules/@testing-library/dom/dist/query-helpers.js:95:19\n    at /Users/rr/my-repo/Cloned/crystal-clear/webapp/frontend/src/app/components/__tests__/Sidebar.test.tsx:83:19\n    at file:///Users/rr/my-repo/Cloned/crystal-clear/webapp/frontend/node_modules/@vitest/runner/dist/index.js:145:11\n    at file:///Users/rr/my-repo/Cloned/crystal-clear/webapp/frontend/node_modules/@vitest/runner/dist/index.js:915:26\n    at file:///Users/rr/my-repo/Cloned/crystal-clear/webapp/frontend/node_modules/@vitest/runner/dist/index.js:1243:20\n    at new Promise (<anonymous>)"],"meta":{}}],"startTime":1772465986495,"endTime":1772465987786.9148,"status":"failed","message":"","name":"/Users/rr/my-repo/Cloned/crystal-clear/webapp/frontend/src/app/components/__tests__/Sidebar.test.tsx"},{"assertionResults":[{"ancestorTitles":["apiFetch"],"fullName":"apiFetch returns JSON response on success","status":"passed","title":"returns JSON response on success","duration":6.057165999999938,"failureMessages":[],"meta":{}},{"ancestorTitles":["apiFetch"],"fullName":"apiFetch rejects with response body when status not ok","status":"passed","title":"rejects with response body when status not ok","duration":3.8497919999999795,"failureMessages":[],"meta":{}},{"ancestorTitles":["apiFetch"],"fullName":"apiFetch handles network failures with friendly message","status":"passed","title":"handles network failures with friendly message","duration":1.0919999999999845,"failureMessages":[],"meta":{}},{"ancestorTitles":["apiFetch"],"fullName":"apiFetch aborts long running requests and alerts timeout","status":"passed","title":"aborts long running requests and alerts timeout","duration":2.6844999999999573,"failureMessages":[],"meta":{}}],"startTime":1772465987313,"endTime":1772465987326.6846,"status":"passed","message":"","name":"/Users/rr/my-repo/Cloned/crystal-clear/webapp/frontend/src/shared/utils/__tests__/api.test.ts"},{"assertionResults":[{"ancestorTitles":["errorManager"],"fullName":"errorManager stores errors and triggers alert by default","status":"passed","title":"stores errors and triggers alert by default","duration":20.452625000000012,"failureMessages":[],"meta":{}},{"ancestorTitles":["errorManager"],"fullName":"errorManager can suppress immediate alert","status":"passed","title":"can suppress immediate alert","duration":2.559417000000053,"failureMessages":[],"meta":{}},{"ancestorTitles":["errorManager"],"fullName":"errorManager clears a single error type","status":"passed","title":"clears a single error type","duration":3.3866669999999885,"failureMessages":[],"meta":{}},{"ancestorTitles":["errorManager"],"fullName":"errorManager can clear all errors","status":"passed","title":"can clear all errors","duration":1.2622910000000047,"failureMessages":[],"meta":{}}],"startTime":1772465987196,"endTime":1772465987223.2622,"status":"passed","message":"","name":"/Users/rr/my-repo/Cloned/crystal-clear/webapp/frontend/src/shared/utils/__tests__/errorManager.test.ts"},{"assertionResults":[{"ancestorTitles":["validateEthereumAddress"],"fullName":"validateEthereumAddress rejects empty input","status":"passed","title":"rejects empty input","duration":0.9734580000000506,"failureMessages":[],"meta":{}},{"ancestorTitles":["validateEthereumAddress"],"fullName":"validateEthereumAddress rejects missing prefix","status":"passed","title":"rejects missing prefix","duration":0.21875,"failureMessages":[],"meta":{}},{"ancestorTitles":["validateEthereumAddress"],"fullName":"validateEthereumAddress rejects wrong length","status":"passed","title":"rejects wrong length","duration":0.141208000000006,"failureMessages":[],"meta":{}},{"ancestorTitles":["validateEthereumAddress"],"fullName":"validateEthereumAddress rejects invalid characters","status":"passed","title":"rejects invalid characters","duration":0.24500000000000455,"failureMessages":[],"meta":{}},{"ancestorTitles":["validateEthereumAddress"],"fullName":"validateEthereumAddress returns sanitized checksum-valid address","status":"passed","title":"returns sanitized checksum-valid address","duration":0.964334000000008,"failureMessages":[],"meta":{}},{"ancestorTitles":["validateBlockNumber"],"fullName":"validateBlockNumber enforces numeric string","status":"passed","title":"enforces numeric string","duration":0.07849999999996271,"failureMessages":[],"meta":{}},{"ancestorTitles":["validateBlockNumber"],"fullName":"validateBlockNumber rejects negative numbers","status":"passed","title":"rejects negative numbers","duration":0.05683299999998326,"failureMessages":[],"meta":{}},{"ancestorTitles":["validateBlockNumber"],"fullName":"validateBlockNumber accepts valid block number","status":"passed","title":"accepts valid block number","duration":0.1306250000000091,"failureMessages":[],"meta":{}},{"ancestorTitles":["validateBlockRange"],"fullName":"validateBlockRange rejects when from block >= to block","status":"passed","title":"rejects when from block >= to block","duration":0.15879200000006222,"failureMessages":[],"meta":{}},{"ancestorTitles":["validateBlockRange"],"fullName":"validateBlockRange rejects oversized range","status":"passed","title":"rejects oversized range","duration":0.11583299999995234,"failureMessages":[],"meta":{}},{"ancestorTitles":["validateBlockRange"],"fullName":"validateBlockRange returns parsed range for valid input","status":"passed","title":"returns parsed range for valid input","duration":0.1592080000000351,"failureMessages":[],"meta":{}},{"ancestorTitles":["validateApiUrl"],"fullName":"validateApiUrl rejects non-http protocols","status":"passed","title":"rejects non-http protocols","duration":0.10262499999998909,"failureMessages":[],"meta":{}},{"ancestorTitles":["validateApiUrl"],"fullName":"validateApiUrl accepts https URL","status":"passed","title":"accepts https URL","duration":0.06070899999997437,"failureMessages":[],"meta":{}},{"ancestorTitles":["sanitizeTextInput"],"fullName":"sanitizeTextInput strips html and dangerous protocols","status":"passed","title":"strips html and dangerous protocols","duration":0.2549170000000913,"failureMessages":[],"meta":{}},{"ancestorTitles":["sanitizeTextInput"],"fullName":"sanitizeTextInput returns empty string for non-string","status":"passed","title":"returns empty string for non-string","duration":0.08429200000000492,"failureMessages":[],"meta":{}},{"ancestorTitles":["validateEnvironment"],"fullName":"validateEnvironment reports missing VITE_API_BASE_URL","status":"passed","title":"reports missing VITE_API_BASE_URL","duration":0.6424579999999196,"failureMessages":[],"meta":{}},{"ancestorTitles":["validateEnvironment"],"fullName":"validateEnvironment validates provided API URL","status":"passed","title":"validates provided API URL","duration":0.34591599999998834,"failureMessages":[],"meta":{}}],"startTime":1772465987858,"endTime":1772465987863.346,"status":"passed","message":"","name":"/Users/rr/my-repo/Cloned/crystal-clear/webapp/frontend/src/shared/utils/__tests__/validation.test.ts"},{"assertionResults":[{"ancestorTitles":["handleBlockRangeSelect"],"fullName":"handleBlockRangeSelect clears range when the same preset is selected twice","status":"passed","title":"clears range when the same preset is selected twice","duration":2.0937090000001035,"failureMessages":[],"meta":{}},{"ancestorTitles":["handleBlockRangeSelect"],"fullName":"handleBlockRangeSelect sets range and submits when a new preset is chosen","status":"passed","title":"sets range and submits when a new preset is chosen","duration":1.6971669999999222,"failureMessages":[],"meta":{}},{"ancestorTitles":["handleBlockRangeSelect"],"fullName":"handleBlockRangeSelect does not update URL or submit when no address is provided","status":"passed","title":"does not update URL or submit when no address is provided","duration":0.6487500000000637,"failureMessages":[],"meta":{}},{"ancestorTitles":["handleBlockRangeTypeChange"],"fullName":"handleBlockRangeTypeChange returns early when no address is supplied","status":"passed","title":"returns early when no address is supplied","duration":0.4800829999999223,"failureMessages":[],"meta":{}},{"ancestorTitles":["handleBlockRangeTypeChange"],"fullName":"handleBlockRangeTypeChange applies the deep range preset when latest block exists","status":"passed","title":"applies the deep range preset when latest block exists","duration":0.6865000000000236,"failureMessages":[],"meta":{}},{"ancestorTitles":["handleBlockRangeTypeChange"],"fullName":"handleBlockRangeTypeChange does not update blocks when deep preset cannot resolve latest block","status":"passed","title":"does not update blocks when deep preset cannot resolve latest block","duration":0.42770899999993617,"failureMessages":[],"meta":{}},{"ancestorTitles":["handleBlockRangeTypeChange"],"fullName":"handleBlockRangeTypeChange applies the ultimate preset using deployment info","status":"passed","title":"applies the ultimate preset using deployment info","duration":0.9936249999999518,"failureMessages":[],"meta":{}},{"ancestorTitles":["handleBlockRangeTypeChange"],"fullName":"handleBlockRangeTypeChange skips updates when ultimate preset lacks deployment info","status":"passed","title":"skips updates when ultimate preset lacks deployment info","duration":0.3420409999999947,"failureMessages":[],"meta":{}},{"ancestorTitles":["handleBlockRangeTypeChange"],"fullName":"handleBlockRangeTypeChange sets block range type to custom without additional work","status":"passed","title":"sets block range type to custom without additional work","duration":0.40250000000003183,"failureMessages":[],"meta":{}},{"ancestorTitles":["validateBlockRange"],"fullName":"validateBlockRange rejects ranges with toBlock equal to zero","status":"passed","title":"rejects ranges with toBlock equal to zero","duration":0.17945800000006784,"failureMessages":[],"meta":{}},{"ancestorTitles":["validateBlockRange"],"fullName":"validateBlockRange rejects ranges containing non-numeric values","status":"passed","title":"rejects ranges containing non-numeric values","duration":0.2843329999999469,"failureMessages":[],"meta":{}},{"ancestorTitles":["validateBlockRange"],"fullName":"validateBlockRange rejects ranges where from block is greater than to block","status":"passed","title":"rejects ranges where from block is greater than to block","duration":0.19620800000006966,"failureMessages":[],"meta":{}},{"ancestorTitles":["validateBlockRange"],"fullName":"validateBlockRange rejects ranges that exceed the maximum allowed span","status":"passed","title":"rejects ranges that exceed the maximum allowed span","duration":0.3359580000000051,"failureMessages":[],"meta":{}},{"ancestorTitles":["validateBlockRange"],"fullName":"validateBlockRange accepts valid ranges","status":"passed","title":"accepts valid ranges","duration":0.35341600000003837,"failureMessages":[],"meta":{}}],"startTime":1772465987080,"endTime":1772465987089.3535,"status":"passed","message":"","name":"/Users/rr/my-repo/Cloned/crystal-clear/webapp/frontend/src/utils/__tests__/blockRange.test.ts"},{"assertionResults":[{"ancestorTitles":["getDefaultBlockRange"],"fullName":"getDefaultBlockRange returns block range when API and latest block are valid","status":"passed","title":"returns block range when API and latest block are valid","duration":1.510582999999997,"failureMessages":[],"meta":{}},{"ancestorTitles":["getDefaultBlockRange"],"fullName":"getDefaultBlockRange handles lower bound when latest block < default offset","status":"passed","title":"handles lower bound when latest block < default offset","duration":0.34920899999997346,"failureMessages":[],"meta":{}},{"ancestorTitles":["getDefaultBlockRange"],"fullName":"getDefaultBlockRange throws and reports when API is unavailable","status":"passed","title":"throws and reports when API is unavailable","duration":1.539083000000005,"failureMessages":[],"meta":{}},{"ancestorTitles":["getDefaultBlockRange"],"fullName":"getDefaultBlockRange throws and reports when latest block is missing","status":"passed","title":"throws and reports when latest block is missing","duration":0.3296250000000782,"failureMessages":[],"meta":{}},{"ancestorTitles":["handleDefaultAnalyze"],"fullName":"handleDefaultAnalyze rejects empty address","status":"passed","title":"rejects empty address","duration":0.3133750000000646,"failureMessages":[],"meta":{}},{"ancestorTitles":["handleDefaultAnalyze"],"fullName":"handleDefaultAnalyze stops when API is offline","status":"passed","title":"stops when API is offline","duration":0.3171670000000404,"failureMessages":[],"meta":{}},{"ancestorTitles":["handleDefaultAnalyze"],"fullName":"handleDefaultAnalyze sets default block range and forwards submit event","status":"passed","title":"sets default block range and forwards submit event","duration":0.3968329999999014,"failureMessages":[],"meta":{}},{"ancestorTitles":["handleDefaultAnalyze"],"fullName":"handleDefaultAnalyze reports runtime errors when downstream work fails","status":"passed","title":"reports runtime errors when downstream work fails","duration":0.22187499999995453,"failureMessages":[],"meta":{}}],"startTime":1772465987801,"endTime":1772465987806.3967,"status":"passed","message":"","name":"/Users/rr/my-repo/Cloned/crystal-clear/webapp/frontend/src/utils/__tests__/defaultAnalyze.test.ts"},{"assertionResults":[{"ancestorTitles":["fetchGraphData"],"fullName":"fetchGraphData returns null when address is missing","status":"passed","title":"returns null when address is missing","duration":1.3275840000000017,"failureMessages":[],"meta":{}},{"ancestorTitles":["fetchGraphData"],"fullName":"fetchGraphData requests dependencies with optional query params","status":"passed","title":"requests dependencies with optional query params","duration":2.4340839999999844,"failureMessages":[],"meta":{}},{"ancestorTitles":["fetchGraphData"],"fullName":"fetchGraphData propagates fetch errors and notifies via onError","status":"passed","title":"propagates fetch errors and notifies via onError","duration":5.862459000000058,"failureMessages":[],"meta":{}}],"startTime":1772465987710,"endTime":1772465987719.8625,"status":"passed","message":"","name":"/Users/rr/my-repo/Cloned/crystal-clear/webapp/frontend/src/utils/__tests__/graphFetcher.test.ts"},{"assertionResults":[{"ancestorTitles":["queries utilities"],"fullName":"queries utilities determines API availability from health endpoint","status":"passed","title":"determines API availability from health endpoint","duration":4.136458999999945,"failureMessages":[],"meta":{}},{"ancestorTitles":["queries utilities"],"fullName":"queries utilities returns false when health check rejects","status":"passed","title":"returns false when health check rejects","duration":2.807583999999906,"failureMessages":[],"meta":{}},{"ancestorTitles":["queries utilities"],"fullName":"queries utilities returns zero latest block when API unavailable","status":"passed","title":"returns zero latest block when API unavailable","duration":0.421875,"failureMessages":[],"meta":{}},{"ancestorTitles":["queries utilities"],"fullName":"queries utilities fetches latest block number","status":"passed","title":"fetches latest block number","duration":0.38808300000005147,"failureMessages":[],"meta":{}},{"ancestorTitles":["queries utilities"],"fullName":"queries utilities fetches risk analysis score","status":"passed","title":"fetches risk analysis score","duration":0.38791700000001583,"failureMessages":[],"meta":{}},{"ancestorTitles":["queries utilities"],"fullName":"queries utilities fetches verification info","status":"passed","title":"fetches verification info","duration":0.47916700000007495,"failureMessages":[],"meta":{}},{"ancestorTitles":["queries utilities"],"fullName":"queries utilities fetches proxy info","status":"passed","title":"fetches proxy info","duration":0.274208999999928,"failureMessages":[],"meta":{}},{"ancestorTitles":["queries utilities"],"fullName":"queries utilities fetches permission info","status":"passed","title":"fetches permission info","duration":0.3854999999999791,"failureMessages":[],"meta":{}},{"ancestorTitles":["queries utilities"],"fullName":"queries utilities fetches audit info","status":"passed","title":"fetches audit info","duration":0.41533300000003237,"failureMessages":[],"meta":{}},{"ancestorTitles":["queries utilities"],"fullName":"queries utilities handles deployment info when API offline","status":"passed","title":"handles deployment info when API offline","duration":0.2900409999999738,"failureMessages":[],"meta":{}},{"ancestorTitles":["queries utilities"],"fullName":"queries utilities returns deployment info when available","status":"passed","title":"returns deployment info when available","duration":0.19179099999996652,"failureMessages":[],"meta":{}},{"ancestorTitles":["queries utilities"],"fullName":"queries utilities reports errors when deployment fetch fails","status":"passed","title":"reports errors when deployment fetch fails","duration":0.507750000000101,"failureMessages":[],"meta":{}},{"ancestorTitles":["queries utilities"],"fullName":"queries utilities formats deployment helpers","status":"passed","title":"formats deployment helpers","duration":0.13829200000009223,"failureMessages":[],"meta":{}}],"startTime":1772465987209,"endTime":1772465987220.1382,"status":"passed","message":"","name":"/Users/rr/my-repo/Cloned/crystal-clear/webapp/frontend/src/utils/__tests__/queries.test.ts"},{"assertionResults":[{"ancestorTitles":["LocalAlertProvider"],"fullName":"LocalAlertProvider shows and auto hides alert after duration","status":"failed","title":"shows and auto hides alert after duration","duration":5012.3255,"failureMessages":["Error: STACK_TRACE_ERROR\n    at task (file:///Users/rr/my-repo/Cloned/crystal-clear/webapp/frontend/node_modules/@vitest/runner/dist/index.js:796:27)\n    at Object.<anonymous> (file:///Users/rr/my-repo/Cloned/crystal-clear/webapp/frontend/node_modules/@vitest/runner/dist/index.js:823:16)\n    at Object.<anonymous> (file:///Users/rr/my-repo/Cloned/crystal-clear/webapp/frontend/node_modules/@vitest/runner/dist/index.js:615:28)\n    at chain (file:///Users/rr/my-repo/Cloned/crystal-clear/webapp/frontend/node_modules/@vitest/runner/dist/chunk-tasks.js:9:14)\n    at /Users/rr/my-repo/Cloned/crystal-clear/webapp/frontend/src/shared/components/ui/__tests__/local-alert.test.tsx:29:3\n    at file:///Users/rr/my-repo/Cloned/crystal-clear/webapp/frontend/node_modules/@vitest/runner/dist/index.js:901:40\n    at runWithSuite (file:///Users/rr/my-repo/Cloned/crystal-clear/webapp/frontend/node_modules/@vitest/runner/dist/index.js:1195:8)\n    at Object.collect (file:///Users/rr/my-repo/Cloned/crystal-clear/webapp/frontend/node_modules/@vitest/runner/dist/index.js:901:10)\n    at Object.collect (file:///Users/rr/my-repo/Cloned/crystal-clear/webapp/frontend/node_modules/@vitest/runner/dist/index.js:905:54)\n    at file:///Users/rr/my-repo/Cloned/crystal-clear/webapp/frontend/node_modules/@vitest/runner/dist/index.js:1390:26\n    at collectTests (file:///Users/rr/my-repo/Cloned/crystal-clear/webapp/frontend/node_modules/@vitest/runner/dist/index.js:1365:3)\n    at startTests (file:///Users/rr/my-repo/Cloned/crystal-clear/webapp/frontend/node_modules/@vitest/runner/dist/index.js:1937:17)\n    at file:///Users/rr/my-repo/Cloned/crystal-clear/webapp/frontend/node_modules/vitest/dist/chunks/base.CJ0Y4ePK.js:86:26\n    at run (file:///Users/rr/my-repo/Cloned/crystal-clear/webapp/frontend/node_modules/vitest/dist/chunks/base.CJ0Y4ePK.js:79:2)\n    at runBaseTests (file:///Users/rr/my-repo/Cloned/crystal-clear/webapp/frontend/node_modules/vitest/dist/chunks/base.CJ0Y4ePK.js:162:2)"],"meta":{}},{"ancestorTitles":["LocalAlertProvider"],"fullName":"LocalAlertProvider hides alert immediately via hideLocalAlert","status":"failed","title":"hides alert immediately via hideLocalAlert","duration":5003.833417,"failureMessages":["Error: STACK_TRACE_ERROR\n    at task (file:///Users/rr/my-repo/Cloned/crystal-clear/webapp/frontend/node_modules/@vitest/runner/dist/index.js:796:27)\n    at Object.<anonymous> (file:///Users/rr/my-repo/Cloned/crystal-clear/webapp/frontend/node_modules/@vitest/runner/dist/index.js:823:16)\n    at Object.<anonymous> (file:///Users/rr/my-repo/Cloned/crystal-clear/webapp/frontend/node_modules/@vitest/runner/dist/index.js:615:28)\n    at chain (file:///Users/rr/my-repo/Cloned/crystal-clear/webapp/frontend/node_modules/@vitest/runner/dist/chunk-tasks.js:9:14)\n    at /Users/rr/my-repo/Cloned/crystal-clear/webapp/frontend/src/shared/components/ui/__tests__/local-alert.test.tsx:45:3\n    at file:///Users/rr/my-repo/Cloned/crystal-clear/webapp/frontend/node_modules/@vitest/runner/dist/index.js:901:40\n    at runWithSuite (file:///Users/rr/my-repo/Cloned/crystal-clear/webapp/frontend/node_modules/@vitest/runner/dist/index.js:1195:8)\n    at Object.collect (file:///Users/rr/my-repo/Cloned/crystal-clear/webapp/frontend/node_modules/@vitest/runner/dist/index.js:901:10)\n    at Object.collect (file:///Users/rr/my-repo/Cloned/crystal-clear/webapp/frontend/node_modules/@vitest/runner/dist/index.js:905:54)\n    at file:///Users/rr/my-repo/Cloned/crystal-clear/webapp/frontend/node_modules/@vitest/runner/dist/index.js:1390:26\n    at collectTests (file:///Users/rr/my-repo/Cloned/crystal-clear/webapp/frontend/node_modules/@vitest/runner/dist/index.js:1365:3)\n    at startTests (file:///Users/rr/my-repo/Cloned/crystal-clear/webapp/frontend/node_modules/@vitest/runner/dist/index.js:1937:17)\n    at file:///Users/rr/my-repo/Cloned/crystal-clear/webapp/frontend/node_modules/vitest/dist/chunks/base.CJ0Y4ePK.js:86:26\n    at run (file:///Users/rr/my-repo/Cloned/crystal-clear/webapp/frontend/node_modules/vitest/dist/chunks/base.CJ0Y4ePK.js:79:2)\n    at runBaseTests (file:///Users/rr/my-repo/Cloned/crystal-clear/webapp/frontend/node_modules/vitest/dist/chunks/base.CJ0Y4ePK.js:162:2)"],"meta":{}},{"ancestorTitles":["LocalAlertProvider"],"fullName":"LocalAlertProvider throws when hook used outside provider","status":"passed","title":"throws when hook used outside provider","duration":4.761958999999479,"failureMessages":[],"meta":{}}],"startTime":1772465986024,"endTime":1772465996044.762,"status":"failed","message":"","name":"/Users/rr/my-repo/Cloned/crystal-clear/webapp/frontend/src/shared/components/ui/__tests__/local-alert.test.tsx"},{"assertionResults":[{"ancestorTitles":["ErrorBoundary"],"fullName":"ErrorBoundary renders fallback when child throws","status":"passed","title":"renders fallback when child throws","duration":210.54429200000027,"failureMessages":[],"meta":{}},{"ancestorTitles":["ErrorBoundary"],"fullName":"ErrorBoundary invokes onError callback","status":"passed","title":"invokes onError callback","duration":7.835083999999824,"failureMessages":[],"meta":{}},{"ancestorTitles":["ErrorBoundary"],"fullName":"ErrorBoundary recovers when reset button clicked","status":"failed","title":"recovers when reset button clicked","duration":307.602167,"failureMessages":["TestingLibraryElementError: Unable to find an element with the text: OK. This could be because the text is broken up by multiple elements. In this case, you can provide a function for your text matcher to make your matcher more flexible.\n\nIgnored nodes: comments, script, style\n\u001b[36m<body>\u001b[39m\n  \u001b[36m<div>\u001b[39m\n    \u001b[36m<div\u001b[39m\n      \u001b[33mclass\u001b[39m=\u001b[32m\"error-boundary-container\"\u001b[39m\n    \u001b[36m>\u001b[39m\n      \u001b[36m<h2\u001b[39m\n        \u001b[33mclass\u001b[39m=\u001b[32m\"error-boundary-title\"\u001b[39m\n      \u001b[36m>\u001b[39m\n        \u001b[0mSomething went wrong\u001b[0m\n      \u001b[36m</h2>\u001b[39m\n      \u001b[36m<p\u001b[39m\n        \u001b[33mclass\u001b[39m=\u001b[32m\"error-boundary-message\"\u001b[39m\n      \u001b[36m>\u001b[39m\n        \u001b[0mBoom!\u001b[0m\n      \u001b[36m</p>\u001b[39m\n      \u001b[36m<button\u001b[39m\n        \u001b[33mclass\u001b[39m=\u001b[32m\"error-boundary-button\"\u001b[39m\n      \u001b[36m>\u001b[39m\n        \u001b[0mTry Again\u001b[0m\n      \u001b[36m</button>\u001b[39m\n    \u001b[36m</div>\u001b[39m\n  \u001b[36m</div>\u001b[39m\n\u001b[36m</body>\u001b[39m\n    at Object.getElementError (/Users/rr/my-repo/Cloned/crystal-clear/webapp/frontend/node_modules/@testing-library/dom/dist/config.js:37:19)\n    at /Users/rr/my-repo/Cloned/crystal-clear/webapp/frontend/node_modules/@testing-library/dom/dist/query-helpers.js:76:38\n    at /Users/rr/my-repo/Cloned/crystal-clear/webapp/frontend/node_modules/@testing-library/dom/dist/query-helpers.js:52:17\n    at /Users/rr/my-repo/Cloned/crystal-clear/webapp/frontend/node_modules/@testing-library/dom/dist/query-helpers.js:95:19\n    at /Users/rr/my-repo/Cloned/crystal-clear/webapp/frontend/src/shared/components/common/__tests__/ErrorBoundary.test.tsx:52:19\n    at file:///Users/rr/my-repo/Cloned/crystal-clear/webapp/frontend/node_modules/@vitest/runner/dist/index.js:915:20"],"meta":{}}],"startTime":1772465985828,"endTime":1772465986353.602,"status":"failed","message":"","name":"/Users/rr/my-repo/Cloned/crystal-clear/webapp/frontend/src/shared/components/common/__tests__/ErrorBoundary.test.tsx"}]}